2025-01-06 21:27:23 [AWT-EventQueue-0] DEBUG i.n.u.i.l.InternalLoggerFactory - Using SLF4J as the default logging framework
2025-01-06 21:27:23 [AWT-EventQueue-0] DEBUG i.n.c.MultithreadEventLoopGroup - -Dio.netty.eventLoopThreads: 8
2025-01-06 21:27:23 [AWT-EventQueue-0] DEBUG i.n.u.concurrent.GlobalEventExecutor - -Dio.netty.globalEventExecutor.quietPeriodSeconds: 1
2025-01-06 21:27:23 [AWT-EventQueue-0] DEBUG i.n.u.i.InternalThreadLocalMap - -Dio.netty.threadLocalMap.stringBuilder.initialSize: 1024
2025-01-06 21:27:23 [AWT-EventQueue-0] DEBUG i.n.u.i.InternalThreadLocalMap - -Dio.netty.threadLocalMap.stringBuilder.maxSize: 4096
2025-01-06 21:27:23 [AWT-EventQueue-0] DEBUG i.n.util.internal.PlatformDependent0 - -Dio.netty.noUnsafe: false
2025-01-06 21:27:23 [AWT-EventQueue-0] DEBUG i.n.util.internal.PlatformDependent0 - Java version: 21
2025-01-06 21:27:23 [AWT-EventQueue-0] DEBUG i.n.util.internal.PlatformDependent0 - sun.misc.Unsafe.theUnsafe: available
2025-01-06 21:27:23 [AWT-EventQueue-0] DEBUG i.n.util.internal.PlatformDependent0 - sun.misc.Unsafe base methods: all available
2025-01-06 21:27:23 [AWT-EventQueue-0] DEBUG i.n.util.internal.PlatformDependent0 - sun.misc.Unsafe.storeFence: available
2025-01-06 21:27:23 [AWT-EventQueue-0] DEBUG i.n.util.internal.PlatformDependent0 - java.nio.Buffer.address: available
2025-01-06 21:27:23 [AWT-EventQueue-0] DEBUG i.n.util.internal.PlatformDependent0 - direct buffer constructor: unavailable: Reflective setAccessible(true) disabled
2025-01-06 21:27:23 [AWT-EventQueue-0] DEBUG i.n.util.internal.PlatformDependent0 - java.nio.Bits.unaligned: available, true
2025-01-06 21:27:23 [AWT-EventQueue-0] DEBUG i.n.util.internal.PlatformDependent0 - jdk.internal.misc.Unsafe.allocateUninitializedArray(int): unavailable: class io.netty.util.internal.PlatformDependent0$7 cannot access class jdk.internal.misc.Unsafe (in module java.base) because module java.base does not export jdk.internal.misc to unnamed module @1a3869f4
2025-01-06 21:27:23 [AWT-EventQueue-0] DEBUG i.n.util.internal.PlatformDependent0 - java.nio.DirectByteBuffer.<init>(long, {int,long}): unavailable
2025-01-06 21:27:23 [AWT-EventQueue-0] DEBUG i.n.util.internal.PlatformDependent - sun.misc.Unsafe: available
2025-01-06 21:27:23 [AWT-EventQueue-0] DEBUG i.n.util.internal.PlatformDependent - -Dio.netty.tmpdir: C:\Users\user\AppData\Local\Temp (java.io.tmpdir)
2025-01-06 21:27:23 [AWT-EventQueue-0] DEBUG i.n.util.internal.PlatformDependent - -Dio.netty.bitMode: 64 (sun.arch.data.model)
2025-01-06 21:27:23 [AWT-EventQueue-0] DEBUG i.n.util.internal.PlatformDependent - Platform: Windows
2025-01-06 21:27:23 [AWT-EventQueue-0] DEBUG i.n.util.internal.PlatformDependent - -Dio.netty.maxDirectMemory: -1 bytes
2025-01-06 21:27:23 [AWT-EventQueue-0] DEBUG i.n.util.internal.PlatformDependent - -Dio.netty.uninitializedArrayAllocationThreshold: -1
2025-01-06 21:27:23 [AWT-EventQueue-0] DEBUG io.netty.util.internal.CleanerJava9 - java.nio.ByteBuffer.cleaner(): available
2025-01-06 21:27:23 [AWT-EventQueue-0] DEBUG i.n.util.internal.PlatformDependent - -Dio.netty.noPreferDirect: false
2025-01-06 21:27:23 [AWT-EventQueue-0] DEBUG io.netty.channel.nio.NioEventLoop - -Dio.netty.noKeySetOptimization: false
2025-01-06 21:27:23 [AWT-EventQueue-0] DEBUG io.netty.channel.nio.NioEventLoop - -Dio.netty.selectorAutoRebuildThreshold: 512
2025-01-06 21:27:23 [AWT-EventQueue-0] DEBUG i.n.util.internal.PlatformDependent - org.jctools-core.MpscChunkedArrayQueue: available
2025-01-06 21:27:24 [AWT-EventQueue-0] DEBUG io.netty.handler.ssl.OpenSsl - netty-tcnative not in the classpath; OpenSslEngine will be unavailable.
2025-01-06 21:27:24 [AWT-EventQueue-0] DEBUG io.netty.handler.ssl.JdkSslContext - Default protocols (JDK): [TLSv1.3, TLSv1.2] 
2025-01-06 21:27:24 [AWT-EventQueue-0] DEBUG io.netty.handler.ssl.JdkSslContext - Default cipher suites (JDK): [TLS_ECDHE_ECDSA_WITH_AES_256_GCM_SHA384, TLS_ECDHE_ECDSA_WITH_AES_128_GCM_SHA256, TLS_ECDHE_RSA_WITH_AES_128_GCM_SHA256, TLS_ECDHE_RSA_WITH_AES_256_GCM_SHA384, TLS_ECDHE_RSA_WITH_AES_128_CBC_SHA, TLS_ECDHE_RSA_WITH_AES_256_CBC_SHA, TLS_RSA_WITH_AES_128_GCM_SHA256, TLS_RSA_WITH_AES_128_CBC_SHA, TLS_RSA_WITH_AES_256_CBC_SHA, TLS_AES_128_GCM_SHA256, TLS_AES_256_GCM_SHA384]
2025-01-06 21:27:25 [Thread-0] DEBUG io.netty.channel.DefaultChannelId - -Dio.netty.processId: 6800 (auto-detected)
2025-01-06 21:27:25 [Thread-0] DEBUG io.netty.util.NetUtil - -Djava.net.preferIPv4Stack: false
2025-01-06 21:27:25 [Thread-0] DEBUG io.netty.util.NetUtil - -Djava.net.preferIPv6Addresses: false
2025-01-06 21:27:25 [Thread-0] DEBUG i.netty.util.NetUtilInitializations - Loopback interface: loopback_0 (Software Loopback Interface 1, 0:0:0:0:0:0:0:1)
2025-01-06 21:27:25 [Thread-0] DEBUG io.netty.util.NetUtil - Failed to get SOMAXCONN from sysctl and file \proc\sys\net\core\somaxconn. Default: 200
2025-01-06 21:27:25 [Thread-0] DEBUG io.netty.channel.DefaultChannelId - -Dio.netty.machineId: 10:e7:c6:ff:fe:e4:af:05 (auto-detected)
2025-01-06 21:27:25 [Thread-0] DEBUG io.netty.util.ResourceLeakDetector - -Dio.netty.leakDetection.level: simple
2025-01-06 21:27:25 [Thread-0] DEBUG io.netty.util.ResourceLeakDetector - -Dio.netty.leakDetection.targetRecords: 4
2025-01-06 21:27:25 [Thread-0] DEBUG i.n.buffer.PooledByteBufAllocator - -Dio.netty.allocator.numHeapArenas: 8
2025-01-06 21:27:25 [Thread-0] DEBUG i.n.buffer.PooledByteBufAllocator - -Dio.netty.allocator.numDirectArenas: 8
2025-01-06 21:27:25 [Thread-0] DEBUG i.n.buffer.PooledByteBufAllocator - -Dio.netty.allocator.pageSize: 8192
2025-01-06 21:27:25 [Thread-0] DEBUG i.n.buffer.PooledByteBufAllocator - -Dio.netty.allocator.maxOrder: 9
2025-01-06 21:27:25 [Thread-0] DEBUG i.n.buffer.PooledByteBufAllocator - -Dio.netty.allocator.chunkSize: 4194304
2025-01-06 21:27:25 [Thread-0] DEBUG i.n.buffer.PooledByteBufAllocator - -Dio.netty.allocator.smallCacheSize: 256
2025-01-06 21:27:25 [Thread-0] DEBUG i.n.buffer.PooledByteBufAllocator - -Dio.netty.allocator.normalCacheSize: 64
2025-01-06 21:27:25 [Thread-0] DEBUG i.n.buffer.PooledByteBufAllocator - -Dio.netty.allocator.maxCachedBufferCapacity: 32768
2025-01-06 21:27:25 [Thread-0] DEBUG i.n.buffer.PooledByteBufAllocator - -Dio.netty.allocator.cacheTrimInterval: 8192
2025-01-06 21:27:25 [Thread-0] DEBUG i.n.buffer.PooledByteBufAllocator - -Dio.netty.allocator.cacheTrimIntervalMillis: 0
2025-01-06 21:27:25 [Thread-0] DEBUG i.n.buffer.PooledByteBufAllocator - -Dio.netty.allocator.useCacheForAllThreads: false
2025-01-06 21:27:25 [Thread-0] DEBUG i.n.buffer.PooledByteBufAllocator - -Dio.netty.allocator.maxCachedByteBuffersPerChunk: 1023
2025-01-06 21:27:25 [Thread-0] DEBUG i.n.buffer.PooledByteBufAllocator - -Dio.netty.allocator.disableCacheFinalizersForFastThreadLocalThreads: false
2025-01-06 21:27:25 [Thread-0] DEBUG io.netty.buffer.ByteBufUtil - -Dio.netty.allocator.type: pooled
2025-01-06 21:27:25 [Thread-0] DEBUG io.netty.buffer.ByteBufUtil - -Dio.netty.threadLocalDirectBufferSize: 0
2025-01-06 21:27:25 [Thread-0] DEBUG io.netty.buffer.ByteBufUtil - -Dio.netty.maxThreadLocalCharBufferSize: 16384
2025-01-06 21:27:25 [Thread-0] DEBUG i.n.b.ChannelInitializerExtensions - -Dio.netty.bootstrap.extensions: null
2025-01-06 21:27:25 [nioEventLoopGroup-2-1] DEBUG io.netty.util.Recycler - -Dio.netty.recycler.maxCapacityPerThread: 4096
2025-01-06 21:27:25 [nioEventLoopGroup-2-1] DEBUG io.netty.util.Recycler - -Dio.netty.recycler.ratio: 8
2025-01-06 21:27:25 [nioEventLoopGroup-2-1] DEBUG io.netty.util.Recycler - -Dio.netty.recycler.chunkSize: 32
2025-01-06 21:27:25 [nioEventLoopGroup-2-1] DEBUG io.netty.util.Recycler - -Dio.netty.recycler.blocking: false
2025-01-06 21:27:25 [nioEventLoopGroup-2-1] DEBUG io.netty.util.Recycler - -Dio.netty.recycler.batchFastThreadLocalOnly: true
2025-01-06 21:27:25 [nioEventLoopGroup-2-1] DEBUG io.netty.buffer.AbstractByteBuf - -Dio.netty.buffer.checkAccessible: true
2025-01-06 21:27:25 [nioEventLoopGroup-2-1] DEBUG io.netty.buffer.AbstractByteBuf - -Dio.netty.buffer.checkBounds: true
2025-01-06 21:27:25 [nioEventLoopGroup-2-1] DEBUG i.n.util.ResourceLeakDetectorFactory - Loaded default ResourceLeakDetector: io.netty.util.ResourceLeakDetector@3540e932
2025-01-06 21:27:26 [nioEventLoopGroup-2-1] DEBUG io.netty.handler.ssl.SslHandler - [id: 0xc89d06a0, L:/127.0.0.1:49307 - R:localhost/127.0.0.1:7000] HANDSHAKEN: protocol:TLSv1.3 cipher suite:TLS_AES_128_GCM_SHA256
2025-01-06 21:30:44 [AWT-EventQueue-0] DEBUG i.n.u.i.l.InternalLoggerFactory - Using SLF4J as the default logging framework
2025-01-06 21:30:44 [AWT-EventQueue-0] DEBUG i.n.c.MultithreadEventLoopGroup - -Dio.netty.eventLoopThreads: 8
2025-01-06 21:30:44 [AWT-EventQueue-0] DEBUG i.n.u.concurrent.GlobalEventExecutor - -Dio.netty.globalEventExecutor.quietPeriodSeconds: 1
2025-01-06 21:30:44 [AWT-EventQueue-0] DEBUG i.n.u.i.InternalThreadLocalMap - -Dio.netty.threadLocalMap.stringBuilder.initialSize: 1024
2025-01-06 21:30:44 [AWT-EventQueue-0] DEBUG i.n.u.i.InternalThreadLocalMap - -Dio.netty.threadLocalMap.stringBuilder.maxSize: 4096
2025-01-06 21:30:44 [AWT-EventQueue-0] DEBUG i.n.util.internal.PlatformDependent0 - -Dio.netty.noUnsafe: false
2025-01-06 21:30:44 [AWT-EventQueue-0] DEBUG i.n.util.internal.PlatformDependent0 - Java version: 21
2025-01-06 21:30:44 [AWT-EventQueue-0] DEBUG i.n.util.internal.PlatformDependent0 - sun.misc.Unsafe.theUnsafe: available
2025-01-06 21:30:44 [AWT-EventQueue-0] DEBUG i.n.util.internal.PlatformDependent0 - sun.misc.Unsafe base methods: all available
2025-01-06 21:30:44 [AWT-EventQueue-0] DEBUG i.n.util.internal.PlatformDependent0 - sun.misc.Unsafe.storeFence: available
2025-01-06 21:30:44 [AWT-EventQueue-0] DEBUG i.n.util.internal.PlatformDependent0 - java.nio.Buffer.address: available
2025-01-06 21:30:44 [AWT-EventQueue-0] DEBUG i.n.util.internal.PlatformDependent0 - direct buffer constructor: unavailable: Reflective setAccessible(true) disabled
2025-01-06 21:30:44 [AWT-EventQueue-0] DEBUG i.n.util.internal.PlatformDependent0 - java.nio.Bits.unaligned: available, true
2025-01-06 21:30:44 [AWT-EventQueue-0] DEBUG i.n.util.internal.PlatformDependent0 - jdk.internal.misc.Unsafe.allocateUninitializedArray(int): unavailable: class io.netty.util.internal.PlatformDependent0$7 cannot access class jdk.internal.misc.Unsafe (in module java.base) because module java.base does not export jdk.internal.misc to unnamed module @5e0826e7
2025-01-06 21:30:44 [AWT-EventQueue-0] DEBUG i.n.util.internal.PlatformDependent0 - java.nio.DirectByteBuffer.<init>(long, {int,long}): unavailable
2025-01-06 21:30:44 [AWT-EventQueue-0] DEBUG i.n.util.internal.PlatformDependent - sun.misc.Unsafe: available
2025-01-06 21:30:44 [AWT-EventQueue-0] DEBUG i.n.util.internal.PlatformDependent - -Dio.netty.tmpdir: C:\Users\user\AppData\Local\Temp (java.io.tmpdir)
2025-01-06 21:30:44 [AWT-EventQueue-0] DEBUG i.n.util.internal.PlatformDependent - -Dio.netty.bitMode: 64 (sun.arch.data.model)
2025-01-06 21:30:44 [AWT-EventQueue-0] DEBUG i.n.util.internal.PlatformDependent - Platform: Windows
2025-01-06 21:30:44 [AWT-EventQueue-0] DEBUG i.n.util.internal.PlatformDependent - -Dio.netty.maxDirectMemory: -1 bytes
2025-01-06 21:30:44 [AWT-EventQueue-0] DEBUG i.n.util.internal.PlatformDependent - -Dio.netty.uninitializedArrayAllocationThreshold: -1
2025-01-06 21:30:44 [AWT-EventQueue-0] DEBUG io.netty.util.internal.CleanerJava9 - java.nio.ByteBuffer.cleaner(): available
2025-01-06 21:30:44 [AWT-EventQueue-0] DEBUG i.n.util.internal.PlatformDependent - -Dio.netty.noPreferDirect: false
2025-01-06 21:30:44 [AWT-EventQueue-0] DEBUG io.netty.channel.nio.NioEventLoop - -Dio.netty.noKeySetOptimization: false
2025-01-06 21:30:44 [AWT-EventQueue-0] DEBUG io.netty.channel.nio.NioEventLoop - -Dio.netty.selectorAutoRebuildThreshold: 512
2025-01-06 21:30:44 [AWT-EventQueue-0] DEBUG i.n.util.internal.PlatformDependent - org.jctools-core.MpscChunkedArrayQueue: available
2025-01-06 21:30:44 [AWT-EventQueue-0] DEBUG io.netty.handler.ssl.OpenSsl - netty-tcnative not in the classpath; OpenSslEngine will be unavailable.
2025-01-06 21:30:45 [AWT-EventQueue-0] DEBUG io.netty.handler.ssl.JdkSslContext - Default protocols (JDK): [TLSv1.3, TLSv1.2] 
2025-01-06 21:30:45 [AWT-EventQueue-0] DEBUG io.netty.handler.ssl.JdkSslContext - Default cipher suites (JDK): [TLS_ECDHE_ECDSA_WITH_AES_256_GCM_SHA384, TLS_ECDHE_ECDSA_WITH_AES_128_GCM_SHA256, TLS_ECDHE_RSA_WITH_AES_128_GCM_SHA256, TLS_ECDHE_RSA_WITH_AES_256_GCM_SHA384, TLS_ECDHE_RSA_WITH_AES_128_CBC_SHA, TLS_ECDHE_RSA_WITH_AES_256_CBC_SHA, TLS_RSA_WITH_AES_128_GCM_SHA256, TLS_RSA_WITH_AES_128_CBC_SHA, TLS_RSA_WITH_AES_256_CBC_SHA, TLS_AES_128_GCM_SHA256, TLS_AES_256_GCM_SHA384]
2025-01-06 21:30:45 [Thread-0] DEBUG io.netty.channel.DefaultChannelId - -Dio.netty.processId: 1224 (auto-detected)
2025-01-06 21:30:45 [Thread-0] DEBUG io.netty.util.NetUtil - -Djava.net.preferIPv4Stack: false
2025-01-06 21:30:45 [Thread-0] DEBUG io.netty.util.NetUtil - -Djava.net.preferIPv6Addresses: false
2025-01-06 21:30:45 [Thread-0] DEBUG i.netty.util.NetUtilInitializations - Loopback interface: loopback_0 (Software Loopback Interface 1, 0:0:0:0:0:0:0:1)
2025-01-06 21:30:45 [Thread-0] DEBUG io.netty.util.NetUtil - Failed to get SOMAXCONN from sysctl and file \proc\sys\net\core\somaxconn. Default: 200
2025-01-06 21:30:45 [Thread-0] DEBUG io.netty.channel.DefaultChannelId - -Dio.netty.machineId: 10:e7:c6:ff:fe:e4:af:05 (auto-detected)
2025-01-06 21:30:45 [Thread-0] DEBUG io.netty.util.ResourceLeakDetector - -Dio.netty.leakDetection.level: simple
2025-01-06 21:30:45 [Thread-0] DEBUG io.netty.util.ResourceLeakDetector - -Dio.netty.leakDetection.targetRecords: 4
2025-01-06 21:30:45 [Thread-0] DEBUG i.n.buffer.PooledByteBufAllocator - -Dio.netty.allocator.numHeapArenas: 8
2025-01-06 21:30:45 [Thread-0] DEBUG i.n.buffer.PooledByteBufAllocator - -Dio.netty.allocator.numDirectArenas: 8
2025-01-06 21:30:45 [Thread-0] DEBUG i.n.buffer.PooledByteBufAllocator - -Dio.netty.allocator.pageSize: 8192
2025-01-06 21:30:45 [Thread-0] DEBUG i.n.buffer.PooledByteBufAllocator - -Dio.netty.allocator.maxOrder: 9
2025-01-06 21:30:45 [Thread-0] DEBUG i.n.buffer.PooledByteBufAllocator - -Dio.netty.allocator.chunkSize: 4194304
2025-01-06 21:30:45 [Thread-0] DEBUG i.n.buffer.PooledByteBufAllocator - -Dio.netty.allocator.smallCacheSize: 256
2025-01-06 21:30:45 [Thread-0] DEBUG i.n.buffer.PooledByteBufAllocator - -Dio.netty.allocator.normalCacheSize: 64
2025-01-06 21:30:45 [Thread-0] DEBUG i.n.buffer.PooledByteBufAllocator - -Dio.netty.allocator.maxCachedBufferCapacity: 32768
2025-01-06 21:30:45 [Thread-0] DEBUG i.n.buffer.PooledByteBufAllocator - -Dio.netty.allocator.cacheTrimInterval: 8192
2025-01-06 21:30:45 [Thread-0] DEBUG i.n.buffer.PooledByteBufAllocator - -Dio.netty.allocator.cacheTrimIntervalMillis: 0
2025-01-06 21:30:45 [Thread-0] DEBUG i.n.buffer.PooledByteBufAllocator - -Dio.netty.allocator.useCacheForAllThreads: false
2025-01-06 21:30:45 [Thread-0] DEBUG i.n.buffer.PooledByteBufAllocator - -Dio.netty.allocator.maxCachedByteBuffersPerChunk: 1023
2025-01-06 21:30:45 [Thread-0] DEBUG i.n.buffer.PooledByteBufAllocator - -Dio.netty.allocator.disableCacheFinalizersForFastThreadLocalThreads: false
2025-01-06 21:30:45 [Thread-0] DEBUG io.netty.buffer.ByteBufUtil - -Dio.netty.allocator.type: pooled
2025-01-06 21:30:45 [Thread-0] DEBUG io.netty.buffer.ByteBufUtil - -Dio.netty.threadLocalDirectBufferSize: 0
2025-01-06 21:30:45 [Thread-0] DEBUG io.netty.buffer.ByteBufUtil - -Dio.netty.maxThreadLocalCharBufferSize: 16384
2025-01-06 21:30:45 [Thread-0] DEBUG i.n.b.ChannelInitializerExtensions - -Dio.netty.bootstrap.extensions: null
2025-01-06 21:30:46 [nioEventLoopGroup-2-1] DEBUG io.netty.util.Recycler - -Dio.netty.recycler.maxCapacityPerThread: 4096
2025-01-06 21:30:46 [nioEventLoopGroup-2-1] DEBUG io.netty.util.Recycler - -Dio.netty.recycler.ratio: 8
2025-01-06 21:30:46 [nioEventLoopGroup-2-1] DEBUG io.netty.util.Recycler - -Dio.netty.recycler.chunkSize: 32
2025-01-06 21:30:46 [nioEventLoopGroup-2-1] DEBUG io.netty.util.Recycler - -Dio.netty.recycler.blocking: false
2025-01-06 21:30:46 [nioEventLoopGroup-2-1] DEBUG io.netty.util.Recycler - -Dio.netty.recycler.batchFastThreadLocalOnly: true
2025-01-06 21:30:46 [nioEventLoopGroup-2-1] DEBUG io.netty.buffer.AbstractByteBuf - -Dio.netty.buffer.checkAccessible: true
2025-01-06 21:30:46 [nioEventLoopGroup-2-1] DEBUG io.netty.buffer.AbstractByteBuf - -Dio.netty.buffer.checkBounds: true
2025-01-06 21:30:46 [nioEventLoopGroup-2-1] DEBUG i.n.util.ResourceLeakDetectorFactory - Loaded default ResourceLeakDetector: io.netty.util.ResourceLeakDetector@219d7161
2025-01-06 21:30:46 [nioEventLoopGroup-2-1] DEBUG io.netty.handler.ssl.SslHandler - [id: 0x1ac00ae4, L:/127.0.0.1:49320 - R:localhost/127.0.0.1:7000] HANDSHAKEN: protocol:TLSv1.3 cipher suite:TLS_AES_128_GCM_SHA256
2025-01-06 21:37:03 [AWT-EventQueue-0] DEBUG i.n.u.i.l.InternalLoggerFactory - Using SLF4J as the default logging framework
2025-01-06 21:37:03 [AWT-EventQueue-0] DEBUG i.n.c.MultithreadEventLoopGroup - -Dio.netty.eventLoopThreads: 8
2025-01-06 21:37:03 [AWT-EventQueue-0] DEBUG i.n.u.concurrent.GlobalEventExecutor - -Dio.netty.globalEventExecutor.quietPeriodSeconds: 1
2025-01-06 21:37:03 [AWT-EventQueue-0] DEBUG i.n.u.i.InternalThreadLocalMap - -Dio.netty.threadLocalMap.stringBuilder.initialSize: 1024
2025-01-06 21:37:03 [AWT-EventQueue-0] DEBUG i.n.u.i.InternalThreadLocalMap - -Dio.netty.threadLocalMap.stringBuilder.maxSize: 4096
2025-01-06 21:37:03 [AWT-EventQueue-0] DEBUG i.n.util.internal.PlatformDependent0 - -Dio.netty.noUnsafe: false
2025-01-06 21:37:03 [AWT-EventQueue-0] DEBUG i.n.util.internal.PlatformDependent0 - Java version: 21
2025-01-06 21:37:03 [AWT-EventQueue-0] DEBUG i.n.util.internal.PlatformDependent0 - sun.misc.Unsafe.theUnsafe: available
2025-01-06 21:37:03 [AWT-EventQueue-0] DEBUG i.n.util.internal.PlatformDependent0 - sun.misc.Unsafe base methods: all available
2025-01-06 21:37:03 [AWT-EventQueue-0] DEBUG i.n.util.internal.PlatformDependent0 - sun.misc.Unsafe.storeFence: available
2025-01-06 21:37:03 [AWT-EventQueue-0] DEBUG i.n.util.internal.PlatformDependent0 - java.nio.Buffer.address: available
2025-01-06 21:37:03 [AWT-EventQueue-0] DEBUG i.n.util.internal.PlatformDependent0 - direct buffer constructor: unavailable: Reflective setAccessible(true) disabled
2025-01-06 21:37:03 [AWT-EventQueue-0] DEBUG i.n.util.internal.PlatformDependent0 - java.nio.Bits.unaligned: available, true
2025-01-06 21:37:03 [AWT-EventQueue-0] DEBUG i.n.util.internal.PlatformDependent0 - jdk.internal.misc.Unsafe.allocateUninitializedArray(int): unavailable: class io.netty.util.internal.PlatformDependent0$7 cannot access class jdk.internal.misc.Unsafe (in module java.base) because module java.base does not export jdk.internal.misc to unnamed module @1a3869f4
2025-01-06 21:37:03 [AWT-EventQueue-0] DEBUG i.n.util.internal.PlatformDependent0 - java.nio.DirectByteBuffer.<init>(long, {int,long}): unavailable
2025-01-06 21:37:03 [AWT-EventQueue-0] DEBUG i.n.util.internal.PlatformDependent - sun.misc.Unsafe: available
2025-01-06 21:37:03 [AWT-EventQueue-0] DEBUG i.n.util.internal.PlatformDependent - -Dio.netty.tmpdir: C:\Users\user\AppData\Local\Temp (java.io.tmpdir)
2025-01-06 21:37:03 [AWT-EventQueue-0] DEBUG i.n.util.internal.PlatformDependent - -Dio.netty.bitMode: 64 (sun.arch.data.model)
2025-01-06 21:37:03 [AWT-EventQueue-0] DEBUG i.n.util.internal.PlatformDependent - Platform: Windows
2025-01-06 21:37:03 [AWT-EventQueue-0] DEBUG i.n.util.internal.PlatformDependent - -Dio.netty.maxDirectMemory: -1 bytes
2025-01-06 21:37:03 [AWT-EventQueue-0] DEBUG i.n.util.internal.PlatformDependent - -Dio.netty.uninitializedArrayAllocationThreshold: -1
2025-01-06 21:37:03 [AWT-EventQueue-0] DEBUG io.netty.util.internal.CleanerJava9 - java.nio.ByteBuffer.cleaner(): available
2025-01-06 21:37:03 [AWT-EventQueue-0] DEBUG i.n.util.internal.PlatformDependent - -Dio.netty.noPreferDirect: false
2025-01-06 21:37:03 [AWT-EventQueue-0] DEBUG io.netty.channel.nio.NioEventLoop - -Dio.netty.noKeySetOptimization: false
2025-01-06 21:37:03 [AWT-EventQueue-0] DEBUG io.netty.channel.nio.NioEventLoop - -Dio.netty.selectorAutoRebuildThreshold: 512
2025-01-06 21:37:03 [AWT-EventQueue-0] DEBUG i.n.util.internal.PlatformDependent - org.jctools-core.MpscChunkedArrayQueue: available
2025-01-06 21:37:03 [AWT-EventQueue-0] DEBUG io.netty.handler.ssl.OpenSsl - netty-tcnative not in the classpath; OpenSslEngine will be unavailable.
2025-01-06 21:37:04 [AWT-EventQueue-0] DEBUG io.netty.handler.ssl.JdkSslContext - Default protocols (JDK): [TLSv1.3, TLSv1.2] 
2025-01-06 21:37:04 [AWT-EventQueue-0] DEBUG io.netty.handler.ssl.JdkSslContext - Default cipher suites (JDK): [TLS_ECDHE_ECDSA_WITH_AES_256_GCM_SHA384, TLS_ECDHE_ECDSA_WITH_AES_128_GCM_SHA256, TLS_ECDHE_RSA_WITH_AES_128_GCM_SHA256, TLS_ECDHE_RSA_WITH_AES_256_GCM_SHA384, TLS_ECDHE_RSA_WITH_AES_128_CBC_SHA, TLS_ECDHE_RSA_WITH_AES_256_CBC_SHA, TLS_RSA_WITH_AES_128_GCM_SHA256, TLS_RSA_WITH_AES_128_CBC_SHA, TLS_RSA_WITH_AES_256_CBC_SHA, TLS_AES_128_GCM_SHA256, TLS_AES_256_GCM_SHA384]
2025-01-06 21:37:04 [Thread-0] DEBUG io.netty.channel.DefaultChannelId - -Dio.netty.processId: 18292 (auto-detected)
2025-01-06 21:37:04 [Thread-0] DEBUG io.netty.util.NetUtil - -Djava.net.preferIPv4Stack: false
2025-01-06 21:37:04 [Thread-0] DEBUG io.netty.util.NetUtil - -Djava.net.preferIPv6Addresses: false
2025-01-06 21:37:04 [Thread-0] DEBUG i.netty.util.NetUtilInitializations - Loopback interface: loopback_0 (Software Loopback Interface 1, 0:0:0:0:0:0:0:1)
2025-01-06 21:37:04 [Thread-0] DEBUG io.netty.util.NetUtil - Failed to get SOMAXCONN from sysctl and file \proc\sys\net\core\somaxconn. Default: 200
2025-01-06 21:37:04 [Thread-0] DEBUG io.netty.channel.DefaultChannelId - -Dio.netty.machineId: 10:e7:c6:ff:fe:e4:af:05 (auto-detected)
2025-01-06 21:37:04 [Thread-0] DEBUG io.netty.util.ResourceLeakDetector - -Dio.netty.leakDetection.level: simple
2025-01-06 21:37:04 [Thread-0] DEBUG io.netty.util.ResourceLeakDetector - -Dio.netty.leakDetection.targetRecords: 4
2025-01-06 21:37:04 [Thread-0] DEBUG i.n.buffer.PooledByteBufAllocator - -Dio.netty.allocator.numHeapArenas: 8
2025-01-06 21:37:04 [Thread-0] DEBUG i.n.buffer.PooledByteBufAllocator - -Dio.netty.allocator.numDirectArenas: 8
2025-01-06 21:37:04 [Thread-0] DEBUG i.n.buffer.PooledByteBufAllocator - -Dio.netty.allocator.pageSize: 8192
2025-01-06 21:37:04 [Thread-0] DEBUG i.n.buffer.PooledByteBufAllocator - -Dio.netty.allocator.maxOrder: 9
2025-01-06 21:37:04 [Thread-0] DEBUG i.n.buffer.PooledByteBufAllocator - -Dio.netty.allocator.chunkSize: 4194304
2025-01-06 21:37:04 [Thread-0] DEBUG i.n.buffer.PooledByteBufAllocator - -Dio.netty.allocator.smallCacheSize: 256
2025-01-06 21:37:04 [Thread-0] DEBUG i.n.buffer.PooledByteBufAllocator - -Dio.netty.allocator.normalCacheSize: 64
2025-01-06 21:37:04 [Thread-0] DEBUG i.n.buffer.PooledByteBufAllocator - -Dio.netty.allocator.maxCachedBufferCapacity: 32768
2025-01-06 21:37:04 [Thread-0] DEBUG i.n.buffer.PooledByteBufAllocator - -Dio.netty.allocator.cacheTrimInterval: 8192
2025-01-06 21:37:04 [Thread-0] DEBUG i.n.buffer.PooledByteBufAllocator - -Dio.netty.allocator.cacheTrimIntervalMillis: 0
2025-01-06 21:37:04 [Thread-0] DEBUG i.n.buffer.PooledByteBufAllocator - -Dio.netty.allocator.useCacheForAllThreads: false
2025-01-06 21:37:04 [Thread-0] DEBUG i.n.buffer.PooledByteBufAllocator - -Dio.netty.allocator.maxCachedByteBuffersPerChunk: 1023
2025-01-06 21:37:04 [Thread-0] DEBUG i.n.buffer.PooledByteBufAllocator - -Dio.netty.allocator.disableCacheFinalizersForFastThreadLocalThreads: false
2025-01-06 21:37:04 [Thread-0] DEBUG io.netty.buffer.ByteBufUtil - -Dio.netty.allocator.type: pooled
2025-01-06 21:37:04 [Thread-0] DEBUG io.netty.buffer.ByteBufUtil - -Dio.netty.threadLocalDirectBufferSize: 0
2025-01-06 21:37:04 [Thread-0] DEBUG io.netty.buffer.ByteBufUtil - -Dio.netty.maxThreadLocalCharBufferSize: 16384
2025-01-06 21:37:04 [Thread-0] DEBUG i.n.b.ChannelInitializerExtensions - -Dio.netty.bootstrap.extensions: null
2025-01-06 21:37:05 [nioEventLoopGroup-2-1] DEBUG io.netty.util.Recycler - -Dio.netty.recycler.maxCapacityPerThread: 4096
2025-01-06 21:37:05 [nioEventLoopGroup-2-1] DEBUG io.netty.util.Recycler - -Dio.netty.recycler.ratio: 8
2025-01-06 21:37:05 [nioEventLoopGroup-2-1] DEBUG io.netty.util.Recycler - -Dio.netty.recycler.chunkSize: 32
2025-01-06 21:37:05 [nioEventLoopGroup-2-1] DEBUG io.netty.util.Recycler - -Dio.netty.recycler.blocking: false
2025-01-06 21:37:05 [nioEventLoopGroup-2-1] DEBUG io.netty.util.Recycler - -Dio.netty.recycler.batchFastThreadLocalOnly: true
2025-01-06 21:37:05 [nioEventLoopGroup-2-1] DEBUG io.netty.buffer.AbstractByteBuf - -Dio.netty.buffer.checkAccessible: true
2025-01-06 21:37:05 [nioEventLoopGroup-2-1] DEBUG io.netty.buffer.AbstractByteBuf - -Dio.netty.buffer.checkBounds: true
2025-01-06 21:37:05 [nioEventLoopGroup-2-1] DEBUG i.n.util.ResourceLeakDetectorFactory - Loaded default ResourceLeakDetector: io.netty.util.ResourceLeakDetector@2fbff12e
2025-01-06 21:37:05 [nioEventLoopGroup-2-1] DEBUG io.netty.handler.ssl.SslHandler - [id: 0x70a009b7, L:/127.0.0.1:49343 - R:localhost/127.0.0.1:7000] HANDSHAKEN: protocol:TLSv1.3 cipher suite:TLS_AES_128_GCM_SHA256
2025-01-06 21:51:57 [AWT-EventQueue-0] DEBUG i.n.u.i.l.InternalLoggerFactory - Using SLF4J as the default logging framework
2025-01-06 21:51:57 [AWT-EventQueue-0] DEBUG i.n.c.MultithreadEventLoopGroup - -Dio.netty.eventLoopThreads: 8
2025-01-06 21:51:57 [AWT-EventQueue-0] DEBUG i.n.u.concurrent.GlobalEventExecutor - -Dio.netty.globalEventExecutor.quietPeriodSeconds: 1
2025-01-06 21:51:57 [AWT-EventQueue-0] DEBUG i.n.u.i.InternalThreadLocalMap - -Dio.netty.threadLocalMap.stringBuilder.initialSize: 1024
2025-01-06 21:51:57 [AWT-EventQueue-0] DEBUG i.n.u.i.InternalThreadLocalMap - -Dio.netty.threadLocalMap.stringBuilder.maxSize: 4096
2025-01-06 21:51:57 [AWT-EventQueue-0] DEBUG i.n.util.internal.PlatformDependent0 - -Dio.netty.noUnsafe: false
2025-01-06 21:51:57 [AWT-EventQueue-0] DEBUG i.n.util.internal.PlatformDependent0 - Java version: 21
2025-01-06 21:51:57 [AWT-EventQueue-0] DEBUG i.n.util.internal.PlatformDependent0 - sun.misc.Unsafe.theUnsafe: available
2025-01-06 21:51:57 [AWT-EventQueue-0] DEBUG i.n.util.internal.PlatformDependent0 - sun.misc.Unsafe base methods: all available
2025-01-06 21:51:57 [AWT-EventQueue-0] DEBUG i.n.util.internal.PlatformDependent0 - sun.misc.Unsafe.storeFence: available
2025-01-06 21:51:57 [AWT-EventQueue-0] DEBUG i.n.util.internal.PlatformDependent0 - java.nio.Buffer.address: available
2025-01-06 21:51:57 [AWT-EventQueue-0] DEBUG i.n.util.internal.PlatformDependent0 - direct buffer constructor: unavailable: Reflective setAccessible(true) disabled
2025-01-06 21:51:57 [AWT-EventQueue-0] DEBUG i.n.util.internal.PlatformDependent0 - java.nio.Bits.unaligned: available, true
2025-01-06 21:51:57 [AWT-EventQueue-0] DEBUG i.n.util.internal.PlatformDependent0 - jdk.internal.misc.Unsafe.allocateUninitializedArray(int): unavailable: class io.netty.util.internal.PlatformDependent0$7 cannot access class jdk.internal.misc.Unsafe (in module java.base) because module java.base does not export jdk.internal.misc to unnamed module @1a3869f4
2025-01-06 21:51:57 [AWT-EventQueue-0] DEBUG i.n.util.internal.PlatformDependent0 - java.nio.DirectByteBuffer.<init>(long, {int,long}): unavailable
2025-01-06 21:51:57 [AWT-EventQueue-0] DEBUG i.n.util.internal.PlatformDependent - sun.misc.Unsafe: available
2025-01-06 21:51:57 [AWT-EventQueue-0] DEBUG i.n.util.internal.PlatformDependent - -Dio.netty.tmpdir: C:\Users\user\AppData\Local\Temp (java.io.tmpdir)
2025-01-06 21:51:57 [AWT-EventQueue-0] DEBUG i.n.util.internal.PlatformDependent - -Dio.netty.bitMode: 64 (sun.arch.data.model)
2025-01-06 21:51:57 [AWT-EventQueue-0] DEBUG i.n.util.internal.PlatformDependent - Platform: Windows
2025-01-06 21:51:57 [AWT-EventQueue-0] DEBUG i.n.util.internal.PlatformDependent - -Dio.netty.maxDirectMemory: -1 bytes
2025-01-06 21:51:57 [AWT-EventQueue-0] DEBUG i.n.util.internal.PlatformDependent - -Dio.netty.uninitializedArrayAllocationThreshold: -1
2025-01-06 21:51:57 [AWT-EventQueue-0] DEBUG io.netty.util.internal.CleanerJava9 - java.nio.ByteBuffer.cleaner(): available
2025-01-06 21:51:57 [AWT-EventQueue-0] DEBUG i.n.util.internal.PlatformDependent - -Dio.netty.noPreferDirect: false
2025-01-06 21:51:57 [AWT-EventQueue-0] DEBUG io.netty.channel.nio.NioEventLoop - -Dio.netty.noKeySetOptimization: false
2025-01-06 21:51:57 [AWT-EventQueue-0] DEBUG io.netty.channel.nio.NioEventLoop - -Dio.netty.selectorAutoRebuildThreshold: 512
2025-01-06 21:51:57 [AWT-EventQueue-0] DEBUG i.n.util.internal.PlatformDependent - org.jctools-core.MpscChunkedArrayQueue: available
2025-01-06 21:51:58 [AWT-EventQueue-0] DEBUG io.netty.handler.ssl.OpenSsl - netty-tcnative not in the classpath; OpenSslEngine will be unavailable.
2025-01-06 21:51:58 [AWT-EventQueue-0] DEBUG io.netty.handler.ssl.JdkSslContext - Default protocols (JDK): [TLSv1.3, TLSv1.2] 
2025-01-06 21:51:58 [AWT-EventQueue-0] DEBUG io.netty.handler.ssl.JdkSslContext - Default cipher suites (JDK): [TLS_ECDHE_ECDSA_WITH_AES_256_GCM_SHA384, TLS_ECDHE_ECDSA_WITH_AES_128_GCM_SHA256, TLS_ECDHE_RSA_WITH_AES_128_GCM_SHA256, TLS_ECDHE_RSA_WITH_AES_256_GCM_SHA384, TLS_ECDHE_RSA_WITH_AES_128_CBC_SHA, TLS_ECDHE_RSA_WITH_AES_256_CBC_SHA, TLS_RSA_WITH_AES_128_GCM_SHA256, TLS_RSA_WITH_AES_128_CBC_SHA, TLS_RSA_WITH_AES_256_CBC_SHA, TLS_AES_128_GCM_SHA256, TLS_AES_256_GCM_SHA384]
2025-01-06 21:51:58 [Thread-0] DEBUG io.netty.channel.DefaultChannelId - -Dio.netty.processId: 14248 (auto-detected)
2025-01-06 21:51:58 [Thread-0] DEBUG io.netty.util.NetUtil - -Djava.net.preferIPv4Stack: false
2025-01-06 21:51:58 [Thread-0] DEBUG io.netty.util.NetUtil - -Djava.net.preferIPv6Addresses: false
2025-01-06 21:51:58 [Thread-0] DEBUG i.netty.util.NetUtilInitializations - Loopback interface: loopback_0 (Software Loopback Interface 1, 0:0:0:0:0:0:0:1)
2025-01-06 21:51:58 [Thread-0] DEBUG io.netty.util.NetUtil - Failed to get SOMAXCONN from sysctl and file \proc\sys\net\core\somaxconn. Default: 200
2025-01-06 21:51:59 [Thread-0] DEBUG io.netty.channel.DefaultChannelId - -Dio.netty.machineId: 10:e7:c6:ff:fe:e4:af:05 (auto-detected)
2025-01-06 21:51:59 [Thread-0] DEBUG io.netty.util.ResourceLeakDetector - -Dio.netty.leakDetection.level: simple
2025-01-06 21:51:59 [Thread-0] DEBUG io.netty.util.ResourceLeakDetector - -Dio.netty.leakDetection.targetRecords: 4
2025-01-06 21:51:59 [Thread-0] DEBUG i.n.buffer.PooledByteBufAllocator - -Dio.netty.allocator.numHeapArenas: 8
2025-01-06 21:51:59 [Thread-0] DEBUG i.n.buffer.PooledByteBufAllocator - -Dio.netty.allocator.numDirectArenas: 8
2025-01-06 21:51:59 [Thread-0] DEBUG i.n.buffer.PooledByteBufAllocator - -Dio.netty.allocator.pageSize: 8192
2025-01-06 21:51:59 [Thread-0] DEBUG i.n.buffer.PooledByteBufAllocator - -Dio.netty.allocator.maxOrder: 9
2025-01-06 21:51:59 [Thread-0] DEBUG i.n.buffer.PooledByteBufAllocator - -Dio.netty.allocator.chunkSize: 4194304
2025-01-06 21:51:59 [Thread-0] DEBUG i.n.buffer.PooledByteBufAllocator - -Dio.netty.allocator.smallCacheSize: 256
2025-01-06 21:51:59 [Thread-0] DEBUG i.n.buffer.PooledByteBufAllocator - -Dio.netty.allocator.normalCacheSize: 64
2025-01-06 21:51:59 [Thread-0] DEBUG i.n.buffer.PooledByteBufAllocator - -Dio.netty.allocator.maxCachedBufferCapacity: 32768
2025-01-06 21:51:59 [Thread-0] DEBUG i.n.buffer.PooledByteBufAllocator - -Dio.netty.allocator.cacheTrimInterval: 8192
2025-01-06 21:51:59 [Thread-0] DEBUG i.n.buffer.PooledByteBufAllocator - -Dio.netty.allocator.cacheTrimIntervalMillis: 0
2025-01-06 21:51:59 [Thread-0] DEBUG i.n.buffer.PooledByteBufAllocator - -Dio.netty.allocator.useCacheForAllThreads: false
2025-01-06 21:51:59 [Thread-0] DEBUG i.n.buffer.PooledByteBufAllocator - -Dio.netty.allocator.maxCachedByteBuffersPerChunk: 1023
2025-01-06 21:51:59 [Thread-0] DEBUG i.n.buffer.PooledByteBufAllocator - -Dio.netty.allocator.disableCacheFinalizersForFastThreadLocalThreads: false
2025-01-06 21:51:59 [Thread-0] DEBUG io.netty.buffer.ByteBufUtil - -Dio.netty.allocator.type: pooled
2025-01-06 21:51:59 [Thread-0] DEBUG io.netty.buffer.ByteBufUtil - -Dio.netty.threadLocalDirectBufferSize: 0
2025-01-06 21:51:59 [Thread-0] DEBUG io.netty.buffer.ByteBufUtil - -Dio.netty.maxThreadLocalCharBufferSize: 16384
2025-01-06 21:51:59 [Thread-0] DEBUG i.n.b.ChannelInitializerExtensions - -Dio.netty.bootstrap.extensions: null
2025-01-06 21:51:59 [nioEventLoopGroup-2-1] DEBUG io.netty.util.Recycler - -Dio.netty.recycler.maxCapacityPerThread: 4096
2025-01-06 21:51:59 [nioEventLoopGroup-2-1] DEBUG io.netty.util.Recycler - -Dio.netty.recycler.ratio: 8
2025-01-06 21:51:59 [nioEventLoopGroup-2-1] DEBUG io.netty.util.Recycler - -Dio.netty.recycler.chunkSize: 32
2025-01-06 21:51:59 [nioEventLoopGroup-2-1] DEBUG io.netty.util.Recycler - -Dio.netty.recycler.blocking: false
2025-01-06 21:51:59 [nioEventLoopGroup-2-1] DEBUG io.netty.util.Recycler - -Dio.netty.recycler.batchFastThreadLocalOnly: true
2025-01-06 21:51:59 [nioEventLoopGroup-2-1] DEBUG io.netty.buffer.AbstractByteBuf - -Dio.netty.buffer.checkAccessible: true
2025-01-06 21:51:59 [nioEventLoopGroup-2-1] DEBUG io.netty.buffer.AbstractByteBuf - -Dio.netty.buffer.checkBounds: true
2025-01-06 21:51:59 [nioEventLoopGroup-2-1] DEBUG i.n.util.ResourceLeakDetectorFactory - Loaded default ResourceLeakDetector: io.netty.util.ResourceLeakDetector@58d50264
2025-01-06 21:51:59 [nioEventLoopGroup-2-1] DEBUG io.netty.handler.ssl.SslHandler - [id: 0x12ca5760, L:/127.0.0.1:49630 - R:localhost/127.0.0.1:7000] HANDSHAKEN: protocol:TLSv1.3 cipher suite:TLS_AES_128_GCM_SHA256
2025-01-06 21:53:02 [AWT-EventQueue-0] DEBUG i.n.u.i.l.InternalLoggerFactory - Using SLF4J as the default logging framework
2025-01-06 21:53:02 [AWT-EventQueue-0] DEBUG i.n.c.MultithreadEventLoopGroup - -Dio.netty.eventLoopThreads: 8
2025-01-06 21:53:02 [AWT-EventQueue-0] DEBUG i.n.u.concurrent.GlobalEventExecutor - -Dio.netty.globalEventExecutor.quietPeriodSeconds: 1
2025-01-06 21:53:02 [AWT-EventQueue-0] DEBUG i.n.u.i.InternalThreadLocalMap - -Dio.netty.threadLocalMap.stringBuilder.initialSize: 1024
2025-01-06 21:53:02 [AWT-EventQueue-0] DEBUG i.n.u.i.InternalThreadLocalMap - -Dio.netty.threadLocalMap.stringBuilder.maxSize: 4096
2025-01-06 21:53:02 [AWT-EventQueue-0] DEBUG i.n.util.internal.PlatformDependent0 - -Dio.netty.noUnsafe: false
2025-01-06 21:53:02 [AWT-EventQueue-0] DEBUG i.n.util.internal.PlatformDependent0 - Java version: 21
2025-01-06 21:53:02 [AWT-EventQueue-0] DEBUG i.n.util.internal.PlatformDependent0 - sun.misc.Unsafe.theUnsafe: available
2025-01-06 21:53:02 [AWT-EventQueue-0] DEBUG i.n.util.internal.PlatformDependent0 - sun.misc.Unsafe base methods: all available
2025-01-06 21:53:02 [AWT-EventQueue-0] DEBUG i.n.util.internal.PlatformDependent0 - sun.misc.Unsafe.storeFence: available
2025-01-06 21:53:02 [AWT-EventQueue-0] DEBUG i.n.util.internal.PlatformDependent0 - java.nio.Buffer.address: available
2025-01-06 21:53:02 [AWT-EventQueue-0] DEBUG i.n.util.internal.PlatformDependent0 - direct buffer constructor: unavailable: Reflective setAccessible(true) disabled
2025-01-06 21:53:02 [AWT-EventQueue-0] DEBUG i.n.util.internal.PlatformDependent0 - java.nio.Bits.unaligned: available, true
2025-01-06 21:53:02 [AWT-EventQueue-0] DEBUG i.n.util.internal.PlatformDependent0 - jdk.internal.misc.Unsafe.allocateUninitializedArray(int): unavailable: class io.netty.util.internal.PlatformDependent0$7 cannot access class jdk.internal.misc.Unsafe (in module java.base) because module java.base does not export jdk.internal.misc to unnamed module @1a3869f4
2025-01-06 21:53:02 [AWT-EventQueue-0] DEBUG i.n.util.internal.PlatformDependent0 - java.nio.DirectByteBuffer.<init>(long, {int,long}): unavailable
2025-01-06 21:53:02 [AWT-EventQueue-0] DEBUG i.n.util.internal.PlatformDependent - sun.misc.Unsafe: available
2025-01-06 21:53:02 [AWT-EventQueue-0] DEBUG i.n.util.internal.PlatformDependent - -Dio.netty.tmpdir: C:\Users\user\AppData\Local\Temp (java.io.tmpdir)
2025-01-06 21:53:02 [AWT-EventQueue-0] DEBUG i.n.util.internal.PlatformDependent - -Dio.netty.bitMode: 64 (sun.arch.data.model)
2025-01-06 21:53:02 [AWT-EventQueue-0] DEBUG i.n.util.internal.PlatformDependent - Platform: Windows
2025-01-06 21:53:02 [AWT-EventQueue-0] DEBUG i.n.util.internal.PlatformDependent - -Dio.netty.maxDirectMemory: -1 bytes
2025-01-06 21:53:02 [AWT-EventQueue-0] DEBUG i.n.util.internal.PlatformDependent - -Dio.netty.uninitializedArrayAllocationThreshold: -1
2025-01-06 21:53:02 [AWT-EventQueue-0] DEBUG io.netty.util.internal.CleanerJava9 - java.nio.ByteBuffer.cleaner(): available
2025-01-06 21:53:02 [AWT-EventQueue-0] DEBUG i.n.util.internal.PlatformDependent - -Dio.netty.noPreferDirect: false
2025-01-06 21:53:02 [AWT-EventQueue-0] DEBUG io.netty.channel.nio.NioEventLoop - -Dio.netty.noKeySetOptimization: false
2025-01-06 21:53:02 [AWT-EventQueue-0] DEBUG io.netty.channel.nio.NioEventLoop - -Dio.netty.selectorAutoRebuildThreshold: 512
2025-01-06 21:53:02 [AWT-EventQueue-0] DEBUG i.n.util.internal.PlatformDependent - org.jctools-core.MpscChunkedArrayQueue: available
2025-01-06 21:53:03 [AWT-EventQueue-0] DEBUG io.netty.handler.ssl.OpenSsl - netty-tcnative not in the classpath; OpenSslEngine will be unavailable.
2025-01-06 21:53:03 [AWT-EventQueue-0] DEBUG io.netty.handler.ssl.JdkSslContext - Default protocols (JDK): [TLSv1.3, TLSv1.2] 
2025-01-06 21:53:03 [AWT-EventQueue-0] DEBUG io.netty.handler.ssl.JdkSslContext - Default cipher suites (JDK): [TLS_ECDHE_ECDSA_WITH_AES_256_GCM_SHA384, TLS_ECDHE_ECDSA_WITH_AES_128_GCM_SHA256, TLS_ECDHE_RSA_WITH_AES_128_GCM_SHA256, TLS_ECDHE_RSA_WITH_AES_256_GCM_SHA384, TLS_ECDHE_RSA_WITH_AES_128_CBC_SHA, TLS_ECDHE_RSA_WITH_AES_256_CBC_SHA, TLS_RSA_WITH_AES_128_GCM_SHA256, TLS_RSA_WITH_AES_128_CBC_SHA, TLS_RSA_WITH_AES_256_CBC_SHA, TLS_AES_128_GCM_SHA256, TLS_AES_256_GCM_SHA384]
2025-01-06 21:53:04 [Thread-0] DEBUG io.netty.channel.DefaultChannelId - -Dio.netty.processId: 18920 (auto-detected)
2025-01-06 21:53:04 [Thread-0] DEBUG io.netty.util.NetUtil - -Djava.net.preferIPv4Stack: false
2025-01-06 21:53:04 [Thread-0] DEBUG io.netty.util.NetUtil - -Djava.net.preferIPv6Addresses: false
2025-01-06 21:53:04 [Thread-0] DEBUG i.netty.util.NetUtilInitializations - Loopback interface: loopback_0 (Software Loopback Interface 1, 0:0:0:0:0:0:0:1)
2025-01-06 21:53:04 [Thread-0] DEBUG io.netty.util.NetUtil - Failed to get SOMAXCONN from sysctl and file \proc\sys\net\core\somaxconn. Default: 200
2025-01-06 21:53:04 [Thread-0] DEBUG io.netty.channel.DefaultChannelId - -Dio.netty.machineId: 10:e7:c6:ff:fe:e4:af:05 (auto-detected)
2025-01-06 21:53:04 [Thread-0] DEBUG io.netty.util.ResourceLeakDetector - -Dio.netty.leakDetection.level: simple
2025-01-06 21:53:04 [Thread-0] DEBUG io.netty.util.ResourceLeakDetector - -Dio.netty.leakDetection.targetRecords: 4
2025-01-06 21:53:04 [Thread-0] DEBUG i.n.buffer.PooledByteBufAllocator - -Dio.netty.allocator.numHeapArenas: 8
2025-01-06 21:53:04 [Thread-0] DEBUG i.n.buffer.PooledByteBufAllocator - -Dio.netty.allocator.numDirectArenas: 8
2025-01-06 21:53:04 [Thread-0] DEBUG i.n.buffer.PooledByteBufAllocator - -Dio.netty.allocator.pageSize: 8192
2025-01-06 21:53:04 [Thread-0] DEBUG i.n.buffer.PooledByteBufAllocator - -Dio.netty.allocator.maxOrder: 9
2025-01-06 21:53:04 [Thread-0] DEBUG i.n.buffer.PooledByteBufAllocator - -Dio.netty.allocator.chunkSize: 4194304
2025-01-06 21:53:04 [Thread-0] DEBUG i.n.buffer.PooledByteBufAllocator - -Dio.netty.allocator.smallCacheSize: 256
2025-01-06 21:53:04 [Thread-0] DEBUG i.n.buffer.PooledByteBufAllocator - -Dio.netty.allocator.normalCacheSize: 64
2025-01-06 21:53:04 [Thread-0] DEBUG i.n.buffer.PooledByteBufAllocator - -Dio.netty.allocator.maxCachedBufferCapacity: 32768
2025-01-06 21:53:04 [Thread-0] DEBUG i.n.buffer.PooledByteBufAllocator - -Dio.netty.allocator.cacheTrimInterval: 8192
2025-01-06 21:53:04 [Thread-0] DEBUG i.n.buffer.PooledByteBufAllocator - -Dio.netty.allocator.cacheTrimIntervalMillis: 0
2025-01-06 21:53:04 [Thread-0] DEBUG i.n.buffer.PooledByteBufAllocator - -Dio.netty.allocator.useCacheForAllThreads: false
2025-01-06 21:53:04 [Thread-0] DEBUG i.n.buffer.PooledByteBufAllocator - -Dio.netty.allocator.maxCachedByteBuffersPerChunk: 1023
2025-01-06 21:53:04 [Thread-0] DEBUG i.n.buffer.PooledByteBufAllocator - -Dio.netty.allocator.disableCacheFinalizersForFastThreadLocalThreads: false
2025-01-06 21:53:04 [Thread-0] DEBUG io.netty.buffer.ByteBufUtil - -Dio.netty.allocator.type: pooled
2025-01-06 21:53:04 [Thread-0] DEBUG io.netty.buffer.ByteBufUtil - -Dio.netty.threadLocalDirectBufferSize: 0
2025-01-06 21:53:04 [Thread-0] DEBUG io.netty.buffer.ByteBufUtil - -Dio.netty.maxThreadLocalCharBufferSize: 16384
2025-01-06 21:53:04 [Thread-0] DEBUG i.n.b.ChannelInitializerExtensions - -Dio.netty.bootstrap.extensions: null
2025-01-06 21:53:04 [nioEventLoopGroup-2-1] DEBUG io.netty.util.Recycler - -Dio.netty.recycler.maxCapacityPerThread: 4096
2025-01-06 21:53:04 [nioEventLoopGroup-2-1] DEBUG io.netty.util.Recycler - -Dio.netty.recycler.ratio: 8
2025-01-06 21:53:04 [nioEventLoopGroup-2-1] DEBUG io.netty.util.Recycler - -Dio.netty.recycler.chunkSize: 32
2025-01-06 21:53:04 [nioEventLoopGroup-2-1] DEBUG io.netty.util.Recycler - -Dio.netty.recycler.blocking: false
2025-01-06 21:53:04 [nioEventLoopGroup-2-1] DEBUG io.netty.util.Recycler - -Dio.netty.recycler.batchFastThreadLocalOnly: true
2025-01-06 21:53:04 [nioEventLoopGroup-2-1] DEBUG io.netty.buffer.AbstractByteBuf - -Dio.netty.buffer.checkAccessible: true
2025-01-06 21:53:04 [nioEventLoopGroup-2-1] DEBUG io.netty.buffer.AbstractByteBuf - -Dio.netty.buffer.checkBounds: true
2025-01-06 21:53:04 [nioEventLoopGroup-2-1] DEBUG i.n.util.ResourceLeakDetectorFactory - Loaded default ResourceLeakDetector: io.netty.util.ResourceLeakDetector@95b7049
2025-01-06 21:53:04 [nioEventLoopGroup-2-1] DEBUG io.netty.handler.ssl.SslHandler - [id: 0xcb5984d2, L:/127.0.0.1:49644 - R:localhost/127.0.0.1:7000] HANDSHAKEN: protocol:TLSv1.3 cipher suite:TLS_AES_128_GCM_SHA256
2025-01-06 21:53:44 [AWT-EventQueue-0] DEBUG i.n.u.i.l.InternalLoggerFactory - Using SLF4J as the default logging framework
2025-01-06 21:53:44 [AWT-EventQueue-0] DEBUG i.n.c.MultithreadEventLoopGroup - -Dio.netty.eventLoopThreads: 8
2025-01-06 21:53:44 [AWT-EventQueue-0] DEBUG i.n.u.concurrent.GlobalEventExecutor - -Dio.netty.globalEventExecutor.quietPeriodSeconds: 1
2025-01-06 21:53:44 [AWT-EventQueue-0] DEBUG i.n.u.i.InternalThreadLocalMap - -Dio.netty.threadLocalMap.stringBuilder.initialSize: 1024
2025-01-06 21:53:44 [AWT-EventQueue-0] DEBUG i.n.u.i.InternalThreadLocalMap - -Dio.netty.threadLocalMap.stringBuilder.maxSize: 4096
2025-01-06 21:53:44 [AWT-EventQueue-0] DEBUG i.n.util.internal.PlatformDependent0 - -Dio.netty.noUnsafe: false
2025-01-06 21:53:44 [AWT-EventQueue-0] DEBUG i.n.util.internal.PlatformDependent0 - Java version: 21
2025-01-06 21:53:44 [AWT-EventQueue-0] DEBUG i.n.util.internal.PlatformDependent0 - sun.misc.Unsafe.theUnsafe: available
2025-01-06 21:53:44 [AWT-EventQueue-0] DEBUG i.n.util.internal.PlatformDependent0 - sun.misc.Unsafe base methods: all available
2025-01-06 21:53:44 [AWT-EventQueue-0] DEBUG i.n.util.internal.PlatformDependent0 - sun.misc.Unsafe.storeFence: available
2025-01-06 21:53:44 [AWT-EventQueue-0] DEBUG i.n.util.internal.PlatformDependent0 - java.nio.Buffer.address: available
2025-01-06 21:53:44 [AWT-EventQueue-0] DEBUG i.n.util.internal.PlatformDependent0 - direct buffer constructor: unavailable: Reflective setAccessible(true) disabled
2025-01-06 21:53:44 [AWT-EventQueue-0] DEBUG i.n.util.internal.PlatformDependent0 - java.nio.Bits.unaligned: available, true
2025-01-06 21:53:44 [AWT-EventQueue-0] DEBUG i.n.util.internal.PlatformDependent0 - jdk.internal.misc.Unsafe.allocateUninitializedArray(int): unavailable: class io.netty.util.internal.PlatformDependent0$7 cannot access class jdk.internal.misc.Unsafe (in module java.base) because module java.base does not export jdk.internal.misc to unnamed module @1a3869f4
2025-01-06 21:53:44 [AWT-EventQueue-0] DEBUG i.n.util.internal.PlatformDependent0 - java.nio.DirectByteBuffer.<init>(long, {int,long}): unavailable
2025-01-06 21:53:44 [AWT-EventQueue-0] DEBUG i.n.util.internal.PlatformDependent - sun.misc.Unsafe: available
2025-01-06 21:53:44 [AWT-EventQueue-0] DEBUG i.n.util.internal.PlatformDependent - -Dio.netty.tmpdir: C:\Users\user\AppData\Local\Temp (java.io.tmpdir)
2025-01-06 21:53:44 [AWT-EventQueue-0] DEBUG i.n.util.internal.PlatformDependent - -Dio.netty.bitMode: 64 (sun.arch.data.model)
2025-01-06 21:53:44 [AWT-EventQueue-0] DEBUG i.n.util.internal.PlatformDependent - Platform: Windows
2025-01-06 21:53:44 [AWT-EventQueue-0] DEBUG i.n.util.internal.PlatformDependent - -Dio.netty.maxDirectMemory: -1 bytes
2025-01-06 21:53:44 [AWT-EventQueue-0] DEBUG i.n.util.internal.PlatformDependent - -Dio.netty.uninitializedArrayAllocationThreshold: -1
2025-01-06 21:53:44 [AWT-EventQueue-0] DEBUG io.netty.util.internal.CleanerJava9 - java.nio.ByteBuffer.cleaner(): available
2025-01-06 21:53:44 [AWT-EventQueue-0] DEBUG i.n.util.internal.PlatformDependent - -Dio.netty.noPreferDirect: false
2025-01-06 21:53:44 [AWT-EventQueue-0] DEBUG io.netty.channel.nio.NioEventLoop - -Dio.netty.noKeySetOptimization: false
2025-01-06 21:53:44 [AWT-EventQueue-0] DEBUG io.netty.channel.nio.NioEventLoop - -Dio.netty.selectorAutoRebuildThreshold: 512
2025-01-06 21:53:44 [AWT-EventQueue-0] DEBUG i.n.util.internal.PlatformDependent - org.jctools-core.MpscChunkedArrayQueue: available
2025-01-06 21:53:45 [AWT-EventQueue-0] DEBUG io.netty.handler.ssl.OpenSsl - netty-tcnative not in the classpath; OpenSslEngine will be unavailable.
2025-01-06 21:53:45 [AWT-EventQueue-0] DEBUG io.netty.handler.ssl.JdkSslContext - Default protocols (JDK): [TLSv1.3, TLSv1.2] 
2025-01-06 21:53:45 [AWT-EventQueue-0] DEBUG io.netty.handler.ssl.JdkSslContext - Default cipher suites (JDK): [TLS_ECDHE_ECDSA_WITH_AES_256_GCM_SHA384, TLS_ECDHE_ECDSA_WITH_AES_128_GCM_SHA256, TLS_ECDHE_RSA_WITH_AES_128_GCM_SHA256, TLS_ECDHE_RSA_WITH_AES_256_GCM_SHA384, TLS_ECDHE_RSA_WITH_AES_128_CBC_SHA, TLS_ECDHE_RSA_WITH_AES_256_CBC_SHA, TLS_RSA_WITH_AES_128_GCM_SHA256, TLS_RSA_WITH_AES_128_CBC_SHA, TLS_RSA_WITH_AES_256_CBC_SHA, TLS_AES_128_GCM_SHA256, TLS_AES_256_GCM_SHA384]
2025-01-06 21:53:45 [Thread-0] DEBUG io.netty.channel.DefaultChannelId - -Dio.netty.processId: 9140 (auto-detected)
2025-01-06 21:53:45 [Thread-0] DEBUG io.netty.util.NetUtil - -Djava.net.preferIPv4Stack: false
2025-01-06 21:53:45 [Thread-0] DEBUG io.netty.util.NetUtil - -Djava.net.preferIPv6Addresses: false
2025-01-06 21:53:45 [Thread-0] DEBUG i.netty.util.NetUtilInitializations - Loopback interface: loopback_0 (Software Loopback Interface 1, 0:0:0:0:0:0:0:1)
2025-01-06 21:53:45 [Thread-0] DEBUG io.netty.util.NetUtil - Failed to get SOMAXCONN from sysctl and file \proc\sys\net\core\somaxconn. Default: 200
2025-01-06 21:53:45 [Thread-0] DEBUG io.netty.channel.DefaultChannelId - -Dio.netty.machineId: 10:e7:c6:ff:fe:e4:af:05 (auto-detected)
2025-01-06 21:53:45 [Thread-0] DEBUG io.netty.util.ResourceLeakDetector - -Dio.netty.leakDetection.level: simple
2025-01-06 21:53:45 [Thread-0] DEBUG io.netty.util.ResourceLeakDetector - -Dio.netty.leakDetection.targetRecords: 4
2025-01-06 21:53:46 [Thread-0] DEBUG i.n.buffer.PooledByteBufAllocator - -Dio.netty.allocator.numHeapArenas: 8
2025-01-06 21:53:46 [Thread-0] DEBUG i.n.buffer.PooledByteBufAllocator - -Dio.netty.allocator.numDirectArenas: 8
2025-01-06 21:53:46 [Thread-0] DEBUG i.n.buffer.PooledByteBufAllocator - -Dio.netty.allocator.pageSize: 8192
2025-01-06 21:53:46 [Thread-0] DEBUG i.n.buffer.PooledByteBufAllocator - -Dio.netty.allocator.maxOrder: 9
2025-01-06 21:53:46 [Thread-0] DEBUG i.n.buffer.PooledByteBufAllocator - -Dio.netty.allocator.chunkSize: 4194304
2025-01-06 21:53:46 [Thread-0] DEBUG i.n.buffer.PooledByteBufAllocator - -Dio.netty.allocator.smallCacheSize: 256
2025-01-06 21:53:46 [Thread-0] DEBUG i.n.buffer.PooledByteBufAllocator - -Dio.netty.allocator.normalCacheSize: 64
2025-01-06 21:53:46 [Thread-0] DEBUG i.n.buffer.PooledByteBufAllocator - -Dio.netty.allocator.maxCachedBufferCapacity: 32768
2025-01-06 21:53:46 [Thread-0] DEBUG i.n.buffer.PooledByteBufAllocator - -Dio.netty.allocator.cacheTrimInterval: 8192
2025-01-06 21:53:46 [Thread-0] DEBUG i.n.buffer.PooledByteBufAllocator - -Dio.netty.allocator.cacheTrimIntervalMillis: 0
2025-01-06 21:53:46 [Thread-0] DEBUG i.n.buffer.PooledByteBufAllocator - -Dio.netty.allocator.useCacheForAllThreads: false
2025-01-06 21:53:46 [Thread-0] DEBUG i.n.buffer.PooledByteBufAllocator - -Dio.netty.allocator.maxCachedByteBuffersPerChunk: 1023
2025-01-06 21:53:46 [Thread-0] DEBUG i.n.buffer.PooledByteBufAllocator - -Dio.netty.allocator.disableCacheFinalizersForFastThreadLocalThreads: false
2025-01-06 21:53:46 [Thread-0] DEBUG io.netty.buffer.ByteBufUtil - -Dio.netty.allocator.type: pooled
2025-01-06 21:53:46 [Thread-0] DEBUG io.netty.buffer.ByteBufUtil - -Dio.netty.threadLocalDirectBufferSize: 0
2025-01-06 21:53:46 [Thread-0] DEBUG io.netty.buffer.ByteBufUtil - -Dio.netty.maxThreadLocalCharBufferSize: 16384
2025-01-06 21:53:46 [Thread-0] DEBUG i.n.b.ChannelInitializerExtensions - -Dio.netty.bootstrap.extensions: null
2025-01-06 21:53:46 [nioEventLoopGroup-2-1] DEBUG io.netty.util.Recycler - -Dio.netty.recycler.maxCapacityPerThread: 4096
2025-01-06 21:53:46 [nioEventLoopGroup-2-1] DEBUG io.netty.util.Recycler - -Dio.netty.recycler.ratio: 8
2025-01-06 21:53:46 [nioEventLoopGroup-2-1] DEBUG io.netty.util.Recycler - -Dio.netty.recycler.chunkSize: 32
2025-01-06 21:53:46 [nioEventLoopGroup-2-1] DEBUG io.netty.util.Recycler - -Dio.netty.recycler.blocking: false
2025-01-06 21:53:46 [nioEventLoopGroup-2-1] DEBUG io.netty.util.Recycler - -Dio.netty.recycler.batchFastThreadLocalOnly: true
2025-01-06 21:53:46 [nioEventLoopGroup-2-1] DEBUG io.netty.buffer.AbstractByteBuf - -Dio.netty.buffer.checkAccessible: true
2025-01-06 21:53:46 [nioEventLoopGroup-2-1] DEBUG io.netty.buffer.AbstractByteBuf - -Dio.netty.buffer.checkBounds: true
2025-01-06 21:53:46 [nioEventLoopGroup-2-1] DEBUG i.n.util.ResourceLeakDetectorFactory - Loaded default ResourceLeakDetector: io.netty.util.ResourceLeakDetector@1b3003f9
2025-01-06 21:53:46 [nioEventLoopGroup-2-1] DEBUG io.netty.handler.ssl.SslHandler - [id: 0x66bb76cc, L:/127.0.0.1:49650 - R:localhost/127.0.0.1:7000] HANDSHAKEN: protocol:TLSv1.3 cipher suite:TLS_AES_128_GCM_SHA256
2025-01-06 21:54:28 [AWT-EventQueue-0] DEBUG i.n.u.i.l.InternalLoggerFactory - Using SLF4J as the default logging framework
2025-01-06 21:54:28 [AWT-EventQueue-0] DEBUG i.n.c.MultithreadEventLoopGroup - -Dio.netty.eventLoopThreads: 8
2025-01-06 21:54:28 [AWT-EventQueue-0] DEBUG i.n.u.concurrent.GlobalEventExecutor - -Dio.netty.globalEventExecutor.quietPeriodSeconds: 1
2025-01-06 21:54:28 [AWT-EventQueue-0] DEBUG i.n.u.i.InternalThreadLocalMap - -Dio.netty.threadLocalMap.stringBuilder.initialSize: 1024
2025-01-06 21:54:28 [AWT-EventQueue-0] DEBUG i.n.u.i.InternalThreadLocalMap - -Dio.netty.threadLocalMap.stringBuilder.maxSize: 4096
2025-01-06 21:54:28 [AWT-EventQueue-0] DEBUG i.n.util.internal.PlatformDependent0 - -Dio.netty.noUnsafe: false
2025-01-06 21:54:28 [AWT-EventQueue-0] DEBUG i.n.util.internal.PlatformDependent0 - Java version: 21
2025-01-06 21:54:28 [AWT-EventQueue-0] DEBUG i.n.util.internal.PlatformDependent0 - sun.misc.Unsafe.theUnsafe: available
2025-01-06 21:54:28 [AWT-EventQueue-0] DEBUG i.n.util.internal.PlatformDependent0 - sun.misc.Unsafe base methods: all available
2025-01-06 21:54:28 [AWT-EventQueue-0] DEBUG i.n.util.internal.PlatformDependent0 - sun.misc.Unsafe.storeFence: available
2025-01-06 21:54:28 [AWT-EventQueue-0] DEBUG i.n.util.internal.PlatformDependent0 - java.nio.Buffer.address: available
2025-01-06 21:54:28 [AWT-EventQueue-0] DEBUG i.n.util.internal.PlatformDependent0 - direct buffer constructor: unavailable: Reflective setAccessible(true) disabled
2025-01-06 21:54:28 [AWT-EventQueue-0] DEBUG i.n.util.internal.PlatformDependent0 - java.nio.Bits.unaligned: available, true
2025-01-06 21:54:28 [AWT-EventQueue-0] DEBUG i.n.util.internal.PlatformDependent0 - jdk.internal.misc.Unsafe.allocateUninitializedArray(int): unavailable: class io.netty.util.internal.PlatformDependent0$7 cannot access class jdk.internal.misc.Unsafe (in module java.base) because module java.base does not export jdk.internal.misc to unnamed module @1a3869f4
2025-01-06 21:54:28 [AWT-EventQueue-0] DEBUG i.n.util.internal.PlatformDependent0 - java.nio.DirectByteBuffer.<init>(long, {int,long}): unavailable
2025-01-06 21:54:28 [AWT-EventQueue-0] DEBUG i.n.util.internal.PlatformDependent - sun.misc.Unsafe: available
2025-01-06 21:54:28 [AWT-EventQueue-0] DEBUG i.n.util.internal.PlatformDependent - -Dio.netty.tmpdir: C:\Users\user\AppData\Local\Temp (java.io.tmpdir)
2025-01-06 21:54:28 [AWT-EventQueue-0] DEBUG i.n.util.internal.PlatformDependent - -Dio.netty.bitMode: 64 (sun.arch.data.model)
2025-01-06 21:54:28 [AWT-EventQueue-0] DEBUG i.n.util.internal.PlatformDependent - Platform: Windows
2025-01-06 21:54:28 [AWT-EventQueue-0] DEBUG i.n.util.internal.PlatformDependent - -Dio.netty.maxDirectMemory: -1 bytes
2025-01-06 21:54:28 [AWT-EventQueue-0] DEBUG i.n.util.internal.PlatformDependent - -Dio.netty.uninitializedArrayAllocationThreshold: -1
2025-01-06 21:54:28 [AWT-EventQueue-0] DEBUG io.netty.util.internal.CleanerJava9 - java.nio.ByteBuffer.cleaner(): available
2025-01-06 21:54:28 [AWT-EventQueue-0] DEBUG i.n.util.internal.PlatformDependent - -Dio.netty.noPreferDirect: false
2025-01-06 21:54:28 [AWT-EventQueue-0] DEBUG io.netty.channel.nio.NioEventLoop - -Dio.netty.noKeySetOptimization: false
2025-01-06 21:54:28 [AWT-EventQueue-0] DEBUG io.netty.channel.nio.NioEventLoop - -Dio.netty.selectorAutoRebuildThreshold: 512
2025-01-06 21:54:28 [AWT-EventQueue-0] DEBUG i.n.util.internal.PlatformDependent - org.jctools-core.MpscChunkedArrayQueue: available
2025-01-06 21:54:29 [AWT-EventQueue-0] DEBUG io.netty.handler.ssl.OpenSsl - netty-tcnative not in the classpath; OpenSslEngine will be unavailable.
2025-01-06 21:54:29 [AWT-EventQueue-0] DEBUG io.netty.handler.ssl.JdkSslContext - Default protocols (JDK): [TLSv1.3, TLSv1.2] 
2025-01-06 21:54:29 [AWT-EventQueue-0] DEBUG io.netty.handler.ssl.JdkSslContext - Default cipher suites (JDK): [TLS_ECDHE_ECDSA_WITH_AES_256_GCM_SHA384, TLS_ECDHE_ECDSA_WITH_AES_128_GCM_SHA256, TLS_ECDHE_RSA_WITH_AES_128_GCM_SHA256, TLS_ECDHE_RSA_WITH_AES_256_GCM_SHA384, TLS_ECDHE_RSA_WITH_AES_128_CBC_SHA, TLS_ECDHE_RSA_WITH_AES_256_CBC_SHA, TLS_RSA_WITH_AES_128_GCM_SHA256, TLS_RSA_WITH_AES_128_CBC_SHA, TLS_RSA_WITH_AES_256_CBC_SHA, TLS_AES_128_GCM_SHA256, TLS_AES_256_GCM_SHA384]
2025-01-06 21:54:29 [Thread-0] DEBUG io.netty.channel.DefaultChannelId - -Dio.netty.processId: 17816 (auto-detected)
2025-01-06 21:54:29 [Thread-0] DEBUG io.netty.util.NetUtil - -Djava.net.preferIPv4Stack: false
2025-01-06 21:54:29 [Thread-0] DEBUG io.netty.util.NetUtil - -Djava.net.preferIPv6Addresses: false
2025-01-06 21:54:29 [Thread-0] DEBUG i.netty.util.NetUtilInitializations - Loopback interface: loopback_0 (Software Loopback Interface 1, 0:0:0:0:0:0:0:1)
2025-01-06 21:54:29 [Thread-0] DEBUG io.netty.util.NetUtil - Failed to get SOMAXCONN from sysctl and file \proc\sys\net\core\somaxconn. Default: 200
2025-01-06 21:54:29 [Thread-0] DEBUG io.netty.channel.DefaultChannelId - -Dio.netty.machineId: 10:e7:c6:ff:fe:e4:af:05 (auto-detected)
2025-01-06 21:54:29 [Thread-0] DEBUG io.netty.util.ResourceLeakDetector - -Dio.netty.leakDetection.level: simple
2025-01-06 21:54:29 [Thread-0] DEBUG io.netty.util.ResourceLeakDetector - -Dio.netty.leakDetection.targetRecords: 4
2025-01-06 21:54:29 [Thread-0] DEBUG i.n.buffer.PooledByteBufAllocator - -Dio.netty.allocator.numHeapArenas: 8
2025-01-06 21:54:29 [Thread-0] DEBUG i.n.buffer.PooledByteBufAllocator - -Dio.netty.allocator.numDirectArenas: 8
2025-01-06 21:54:29 [Thread-0] DEBUG i.n.buffer.PooledByteBufAllocator - -Dio.netty.allocator.pageSize: 8192
2025-01-06 21:54:29 [Thread-0] DEBUG i.n.buffer.PooledByteBufAllocator - -Dio.netty.allocator.maxOrder: 9
2025-01-06 21:54:29 [Thread-0] DEBUG i.n.buffer.PooledByteBufAllocator - -Dio.netty.allocator.chunkSize: 4194304
2025-01-06 21:54:29 [Thread-0] DEBUG i.n.buffer.PooledByteBufAllocator - -Dio.netty.allocator.smallCacheSize: 256
2025-01-06 21:54:29 [Thread-0] DEBUG i.n.buffer.PooledByteBufAllocator - -Dio.netty.allocator.normalCacheSize: 64
2025-01-06 21:54:29 [Thread-0] DEBUG i.n.buffer.PooledByteBufAllocator - -Dio.netty.allocator.maxCachedBufferCapacity: 32768
2025-01-06 21:54:29 [Thread-0] DEBUG i.n.buffer.PooledByteBufAllocator - -Dio.netty.allocator.cacheTrimInterval: 8192
2025-01-06 21:54:29 [Thread-0] DEBUG i.n.buffer.PooledByteBufAllocator - -Dio.netty.allocator.cacheTrimIntervalMillis: 0
2025-01-06 21:54:29 [Thread-0] DEBUG i.n.buffer.PooledByteBufAllocator - -Dio.netty.allocator.useCacheForAllThreads: false
2025-01-06 21:54:29 [Thread-0] DEBUG i.n.buffer.PooledByteBufAllocator - -Dio.netty.allocator.maxCachedByteBuffersPerChunk: 1023
2025-01-06 21:54:29 [Thread-0] DEBUG i.n.buffer.PooledByteBufAllocator - -Dio.netty.allocator.disableCacheFinalizersForFastThreadLocalThreads: false
2025-01-06 21:54:29 [Thread-0] DEBUG io.netty.buffer.ByteBufUtil - -Dio.netty.allocator.type: pooled
2025-01-06 21:54:29 [Thread-0] DEBUG io.netty.buffer.ByteBufUtil - -Dio.netty.threadLocalDirectBufferSize: 0
2025-01-06 21:54:29 [Thread-0] DEBUG io.netty.buffer.ByteBufUtil - -Dio.netty.maxThreadLocalCharBufferSize: 16384
2025-01-06 21:54:29 [Thread-0] DEBUG i.n.b.ChannelInitializerExtensions - -Dio.netty.bootstrap.extensions: null
2025-01-06 21:54:30 [nioEventLoopGroup-2-1] DEBUG io.netty.util.Recycler - -Dio.netty.recycler.maxCapacityPerThread: 4096
2025-01-06 21:54:30 [nioEventLoopGroup-2-1] DEBUG io.netty.util.Recycler - -Dio.netty.recycler.ratio: 8
2025-01-06 21:54:30 [nioEventLoopGroup-2-1] DEBUG io.netty.util.Recycler - -Dio.netty.recycler.chunkSize: 32
2025-01-06 21:54:30 [nioEventLoopGroup-2-1] DEBUG io.netty.util.Recycler - -Dio.netty.recycler.blocking: false
2025-01-06 21:54:30 [nioEventLoopGroup-2-1] DEBUG io.netty.util.Recycler - -Dio.netty.recycler.batchFastThreadLocalOnly: true
2025-01-06 21:54:30 [nioEventLoopGroup-2-1] DEBUG io.netty.buffer.AbstractByteBuf - -Dio.netty.buffer.checkAccessible: true
2025-01-06 21:54:30 [nioEventLoopGroup-2-1] DEBUG io.netty.buffer.AbstractByteBuf - -Dio.netty.buffer.checkBounds: true
2025-01-06 21:54:30 [nioEventLoopGroup-2-1] DEBUG i.n.util.ResourceLeakDetectorFactory - Loaded default ResourceLeakDetector: io.netty.util.ResourceLeakDetector@1b3003f9
2025-01-06 21:54:30 [nioEventLoopGroup-2-1] DEBUG io.netty.handler.ssl.SslHandler - [id: 0x42141ba8, L:/127.0.0.1:49655 - R:localhost/127.0.0.1:7000] HANDSHAKEN: protocol:TLSv1.3 cipher suite:TLS_AES_128_GCM_SHA256
