2024-12-17 10:50:04 [AWT-EventQueue-0] DEBUG i.n.u.i.l.InternalLoggerFactory - Using SLF4J as the default logging framework
2024-12-17 10:50:04 [AWT-EventQueue-0] DEBUG i.n.c.MultithreadEventLoopGroup - -Dio.netty.eventLoopThreads: 8
2024-12-17 10:50:04 [AWT-EventQueue-0] DEBUG i.n.u.concurrent.GlobalEventExecutor - -Dio.netty.globalEventExecutor.quietPeriodSeconds: 1
2024-12-17 10:50:04 [AWT-EventQueue-0] DEBUG i.n.u.i.InternalThreadLocalMap - -Dio.netty.threadLocalMap.stringBuilder.initialSize: 1024
2024-12-17 10:50:04 [AWT-EventQueue-0] DEBUG i.n.u.i.InternalThreadLocalMap - -Dio.netty.threadLocalMap.stringBuilder.maxSize: 4096
2024-12-17 10:50:04 [AWT-EventQueue-0] DEBUG i.n.util.internal.PlatformDependent0 - -Dio.netty.noUnsafe: false
2024-12-17 10:50:04 [AWT-EventQueue-0] DEBUG i.n.util.internal.PlatformDependent0 - Java version: 21
2024-12-17 10:50:04 [AWT-EventQueue-0] DEBUG i.n.util.internal.PlatformDependent0 - sun.misc.Unsafe.theUnsafe: available
2024-12-17 10:50:04 [AWT-EventQueue-0] DEBUG i.n.util.internal.PlatformDependent0 - sun.misc.Unsafe base methods: all available
2024-12-17 10:50:04 [AWT-EventQueue-0] DEBUG i.n.util.internal.PlatformDependent0 - sun.misc.Unsafe.storeFence: available
2024-12-17 10:50:04 [AWT-EventQueue-0] DEBUG i.n.util.internal.PlatformDependent0 - java.nio.Buffer.address: available
2024-12-17 10:50:04 [AWT-EventQueue-0] DEBUG i.n.util.internal.PlatformDependent0 - direct buffer constructor: unavailable: Reflective setAccessible(true) disabled
2024-12-17 10:50:04 [AWT-EventQueue-0] DEBUG i.n.util.internal.PlatformDependent0 - java.nio.Bits.unaligned: available, true
2024-12-17 10:50:04 [AWT-EventQueue-0] DEBUG i.n.util.internal.PlatformDependent0 - jdk.internal.misc.Unsafe.allocateUninitializedArray(int): unavailable: class io.netty.util.internal.PlatformDependent0$7 cannot access class jdk.internal.misc.Unsafe (in module java.base) because module java.base does not export jdk.internal.misc to unnamed module @52e6fdee
2024-12-17 10:50:04 [AWT-EventQueue-0] DEBUG i.n.util.internal.PlatformDependent0 - java.nio.DirectByteBuffer.<init>(long, {int,long}): unavailable
2024-12-17 10:50:04 [AWT-EventQueue-0] DEBUG i.n.util.internal.PlatformDependent - sun.misc.Unsafe: available
2024-12-17 10:50:04 [AWT-EventQueue-0] DEBUG i.n.util.internal.PlatformDependent - -Dio.netty.tmpdir: C:\Users\user\AppData\Local\Temp (java.io.tmpdir)
2024-12-17 10:50:04 [AWT-EventQueue-0] DEBUG i.n.util.internal.PlatformDependent - -Dio.netty.bitMode: 64 (sun.arch.data.model)
2024-12-17 10:50:04 [AWT-EventQueue-0] DEBUG i.n.util.internal.PlatformDependent - Platform: Windows
2024-12-17 10:50:04 [AWT-EventQueue-0] DEBUG i.n.util.internal.PlatformDependent - -Dio.netty.maxDirectMemory: -1 bytes
2024-12-17 10:50:04 [AWT-EventQueue-0] DEBUG i.n.util.internal.PlatformDependent - -Dio.netty.uninitializedArrayAllocationThreshold: -1
2024-12-17 10:50:04 [AWT-EventQueue-0] DEBUG io.netty.util.internal.CleanerJava9 - java.nio.ByteBuffer.cleaner(): available
2024-12-17 10:50:04 [AWT-EventQueue-0] DEBUG i.n.util.internal.PlatformDependent - -Dio.netty.noPreferDirect: false
2024-12-17 10:50:04 [AWT-EventQueue-0] DEBUG io.netty.channel.nio.NioEventLoop - -Dio.netty.noKeySetOptimization: false
2024-12-17 10:50:04 [AWT-EventQueue-0] DEBUG io.netty.channel.nio.NioEventLoop - -Dio.netty.selectorAutoRebuildThreshold: 512
2024-12-17 10:50:04 [AWT-EventQueue-0] DEBUG i.n.util.internal.PlatformDependent - org.jctools-core.MpscChunkedArrayQueue: available
2024-12-17 10:50:05 [AWT-EventQueue-0] DEBUG io.netty.handler.ssl.OpenSsl - netty-tcnative not in the classpath; OpenSslEngine will be unavailable.
2024-12-17 10:50:05 [AWT-EventQueue-0] DEBUG io.netty.handler.ssl.JdkSslContext - Default protocols (JDK): [TLSv1.3, TLSv1.2] 
2024-12-17 10:50:05 [AWT-EventQueue-0] DEBUG io.netty.handler.ssl.JdkSslContext - Default cipher suites (JDK): [TLS_ECDHE_ECDSA_WITH_AES_256_GCM_SHA384, TLS_ECDHE_ECDSA_WITH_AES_128_GCM_SHA256, TLS_ECDHE_RSA_WITH_AES_128_GCM_SHA256, TLS_ECDHE_RSA_WITH_AES_256_GCM_SHA384, TLS_ECDHE_RSA_WITH_AES_128_CBC_SHA, TLS_ECDHE_RSA_WITH_AES_256_CBC_SHA, TLS_RSA_WITH_AES_128_GCM_SHA256, TLS_RSA_WITH_AES_128_CBC_SHA, TLS_RSA_WITH_AES_256_CBC_SHA, TLS_AES_128_GCM_SHA256, TLS_AES_256_GCM_SHA384]
2024-12-17 10:50:05 [Thread-0] DEBUG io.netty.channel.DefaultChannelId - -Dio.netty.processId: 8392 (auto-detected)
2024-12-17 10:50:05 [Thread-0] DEBUG io.netty.util.NetUtil - -Djava.net.preferIPv4Stack: false
2024-12-17 10:50:05 [Thread-0] DEBUG io.netty.util.NetUtil - -Djava.net.preferIPv6Addresses: false
2024-12-17 10:50:05 [Thread-0] DEBUG i.netty.util.NetUtilInitializations - Loopback interface: loopback_0 (Software Loopback Interface 1, 0:0:0:0:0:0:0:1)
2024-12-17 10:50:05 [Thread-0] DEBUG io.netty.util.NetUtil - Failed to get SOMAXCONN from sysctl and file \proc\sys\net\core\somaxconn. Default: 200
2024-12-17 10:50:05 [Thread-0] DEBUG io.netty.channel.DefaultChannelId - -Dio.netty.machineId: 10:e7:c6:ff:fe:e4:af:05 (auto-detected)
2024-12-17 10:50:05 [Thread-0] DEBUG io.netty.util.ResourceLeakDetector - -Dio.netty.leakDetection.level: simple
2024-12-17 10:50:05 [Thread-0] DEBUG io.netty.util.ResourceLeakDetector - -Dio.netty.leakDetection.targetRecords: 4
2024-12-17 10:50:05 [Thread-0] DEBUG i.n.buffer.PooledByteBufAllocator - -Dio.netty.allocator.numHeapArenas: 8
2024-12-17 10:50:05 [Thread-0] DEBUG i.n.buffer.PooledByteBufAllocator - -Dio.netty.allocator.numDirectArenas: 8
2024-12-17 10:50:05 [Thread-0] DEBUG i.n.buffer.PooledByteBufAllocator - -Dio.netty.allocator.pageSize: 8192
2024-12-17 10:50:05 [Thread-0] DEBUG i.n.buffer.PooledByteBufAllocator - -Dio.netty.allocator.maxOrder: 9
2024-12-17 10:50:05 [Thread-0] DEBUG i.n.buffer.PooledByteBufAllocator - -Dio.netty.allocator.chunkSize: 4194304
2024-12-17 10:50:05 [Thread-0] DEBUG i.n.buffer.PooledByteBufAllocator - -Dio.netty.allocator.smallCacheSize: 256
2024-12-17 10:50:05 [Thread-0] DEBUG i.n.buffer.PooledByteBufAllocator - -Dio.netty.allocator.normalCacheSize: 64
2024-12-17 10:50:05 [Thread-0] DEBUG i.n.buffer.PooledByteBufAllocator - -Dio.netty.allocator.maxCachedBufferCapacity: 32768
2024-12-17 10:50:05 [Thread-0] DEBUG i.n.buffer.PooledByteBufAllocator - -Dio.netty.allocator.cacheTrimInterval: 8192
2024-12-17 10:50:05 [Thread-0] DEBUG i.n.buffer.PooledByteBufAllocator - -Dio.netty.allocator.cacheTrimIntervalMillis: 0
2024-12-17 10:50:05 [Thread-0] DEBUG i.n.buffer.PooledByteBufAllocator - -Dio.netty.allocator.useCacheForAllThreads: false
2024-12-17 10:50:05 [Thread-0] DEBUG i.n.buffer.PooledByteBufAllocator - -Dio.netty.allocator.maxCachedByteBuffersPerChunk: 1023
2024-12-17 10:50:05 [Thread-0] DEBUG i.n.buffer.PooledByteBufAllocator - -Dio.netty.allocator.disableCacheFinalizersForFastThreadLocalThreads: false
2024-12-17 10:50:05 [Thread-0] DEBUG io.netty.buffer.ByteBufUtil - -Dio.netty.allocator.type: pooled
2024-12-17 10:50:05 [Thread-0] DEBUG io.netty.buffer.ByteBufUtil - -Dio.netty.threadLocalDirectBufferSize: 0
2024-12-17 10:50:05 [Thread-0] DEBUG io.netty.buffer.ByteBufUtil - -Dio.netty.maxThreadLocalCharBufferSize: 16384
2024-12-17 10:50:05 [Thread-0] DEBUG i.n.b.ChannelInitializerExtensions - -Dio.netty.bootstrap.extensions: null
2024-12-17 10:50:06 [nioEventLoopGroup-2-1] DEBUG io.netty.util.Recycler - -Dio.netty.recycler.maxCapacityPerThread: 4096
2024-12-17 10:50:06 [nioEventLoopGroup-2-1] DEBUG io.netty.util.Recycler - -Dio.netty.recycler.ratio: 8
2024-12-17 10:50:06 [nioEventLoopGroup-2-1] DEBUG io.netty.util.Recycler - -Dio.netty.recycler.chunkSize: 32
2024-12-17 10:50:06 [nioEventLoopGroup-2-1] DEBUG io.netty.util.Recycler - -Dio.netty.recycler.blocking: false
2024-12-17 10:50:06 [nioEventLoopGroup-2-1] DEBUG io.netty.util.Recycler - -Dio.netty.recycler.batchFastThreadLocalOnly: true
2024-12-17 10:50:06 [nioEventLoopGroup-2-1] DEBUG io.netty.buffer.AbstractByteBuf - -Dio.netty.buffer.checkAccessible: true
2024-12-17 10:50:06 [nioEventLoopGroup-2-1] DEBUG io.netty.buffer.AbstractByteBuf - -Dio.netty.buffer.checkBounds: true
2024-12-17 10:50:06 [nioEventLoopGroup-2-1] DEBUG i.n.util.ResourceLeakDetectorFactory - Loaded default ResourceLeakDetector: io.netty.util.ResourceLeakDetector@2e9b9d9b
2024-12-17 10:50:07 [nioEventLoopGroup-2-1] DEBUG io.netty.handler.ssl.SslHandler - [id: 0x1927bd4e, L:/127.0.0.1:60443 - R:localhost/127.0.0.1:7000] HANDSHAKEN: protocol:TLSv1.3 cipher suite:TLS_AES_128_GCM_SHA256
