2024-10-18 05:10:25 [AWT-EventQueue-0] DEBUG i.n.u.i.l.InternalLoggerFactory - Using SLF4J as the default logging framework
2024-10-18 05:10:25 [AWT-EventQueue-0] DEBUG i.n.c.MultithreadEventLoopGroup - -Dio.netty.eventLoopThreads: 8
2024-10-18 05:10:25 [AWT-EventQueue-0] DEBUG i.n.u.concurrent.GlobalEventExecutor - -Dio.netty.globalEventExecutor.quietPeriodSeconds: 1
2024-10-18 05:10:25 [AWT-EventQueue-0] DEBUG i.n.u.i.InternalThreadLocalMap - -Dio.netty.threadLocalMap.stringBuilder.initialSize: 1024
2024-10-18 05:10:25 [AWT-EventQueue-0] DEBUG i.n.u.i.InternalThreadLocalMap - -Dio.netty.threadLocalMap.stringBuilder.maxSize: 4096
2024-10-18 05:10:25 [AWT-EventQueue-0] DEBUG i.n.util.internal.PlatformDependent0 - -Dio.netty.noUnsafe: false
2024-10-18 05:10:25 [AWT-EventQueue-0] DEBUG i.n.util.internal.PlatformDependent0 - Java version: 21
2024-10-18 05:10:26 [AWT-EventQueue-0] DEBUG i.n.util.internal.PlatformDependent0 - sun.misc.Unsafe.theUnsafe: available
2024-10-18 05:10:26 [AWT-EventQueue-0] DEBUG i.n.util.internal.PlatformDependent0 - sun.misc.Unsafe base methods: all available
2024-10-18 05:10:26 [AWT-EventQueue-0] DEBUG i.n.util.internal.PlatformDependent0 - sun.misc.Unsafe.storeFence: available
2024-10-18 05:10:26 [AWT-EventQueue-0] DEBUG i.n.util.internal.PlatformDependent0 - java.nio.Buffer.address: available
2024-10-18 05:10:26 [AWT-EventQueue-0] DEBUG i.n.util.internal.PlatformDependent0 - direct buffer constructor: unavailable: Reflective setAccessible(true) disabled
2024-10-18 05:10:26 [AWT-EventQueue-0] DEBUG i.n.util.internal.PlatformDependent0 - java.nio.Bits.unaligned: available, true
2024-10-18 05:10:26 [AWT-EventQueue-0] DEBUG i.n.util.internal.PlatformDependent0 - jdk.internal.misc.Unsafe.allocateUninitializedArray(int): unavailable: class io.netty.util.internal.PlatformDependent0$7 cannot access class jdk.internal.misc.Unsafe (in module java.base) because module java.base does not export jdk.internal.misc to unnamed module @4ec6a292
2024-10-18 05:10:26 [AWT-EventQueue-0] DEBUG i.n.util.internal.PlatformDependent0 - java.nio.DirectByteBuffer.<init>(long, {int,long}): unavailable
2024-10-18 05:10:26 [AWT-EventQueue-0] DEBUG i.n.util.internal.PlatformDependent - sun.misc.Unsafe: available
2024-10-18 05:10:26 [AWT-EventQueue-0] DEBUG i.n.util.internal.PlatformDependent - -Dio.netty.tmpdir: C:\Users\user\AppData\Local\Temp (java.io.tmpdir)
2024-10-18 05:10:26 [AWT-EventQueue-0] DEBUG i.n.util.internal.PlatformDependent - -Dio.netty.bitMode: 64 (sun.arch.data.model)
2024-10-18 05:10:26 [AWT-EventQueue-0] DEBUG i.n.util.internal.PlatformDependent - Platform: Windows
2024-10-18 05:10:26 [AWT-EventQueue-0] DEBUG i.n.util.internal.PlatformDependent - -Dio.netty.maxDirectMemory: -1 bytes
2024-10-18 05:10:26 [AWT-EventQueue-0] DEBUG i.n.util.internal.PlatformDependent - -Dio.netty.uninitializedArrayAllocationThreshold: -1
2024-10-18 05:10:26 [AWT-EventQueue-0] DEBUG io.netty.util.internal.CleanerJava9 - java.nio.ByteBuffer.cleaner(): available
2024-10-18 05:10:26 [AWT-EventQueue-0] DEBUG i.n.util.internal.PlatformDependent - -Dio.netty.noPreferDirect: false
2024-10-18 05:10:26 [AWT-EventQueue-0] DEBUG io.netty.channel.nio.NioEventLoop - -Dio.netty.noKeySetOptimization: false
2024-10-18 05:10:26 [AWT-EventQueue-0] DEBUG io.netty.channel.nio.NioEventLoop - -Dio.netty.selectorAutoRebuildThreshold: 512
2024-10-18 05:10:26 [AWT-EventQueue-0] DEBUG i.n.util.internal.PlatformDependent - org.jctools-core.MpscChunkedArrayQueue: available
2024-10-18 05:10:26 [AWT-EventQueue-0] DEBUG io.netty.handler.ssl.OpenSsl - netty-tcnative not in the classpath; OpenSslEngine will be unavailable.
2024-10-18 05:10:26 [AWT-EventQueue-0] DEBUG io.netty.handler.ssl.JdkSslContext - Default protocols (JDK): [TLSv1.3, TLSv1.2] 
2024-10-18 05:10:26 [AWT-EventQueue-0] DEBUG io.netty.handler.ssl.JdkSslContext - Default cipher suites (JDK): [TLS_ECDHE_ECDSA_WITH_AES_256_GCM_SHA384, TLS_ECDHE_ECDSA_WITH_AES_128_GCM_SHA256, TLS_ECDHE_RSA_WITH_AES_128_GCM_SHA256, TLS_ECDHE_RSA_WITH_AES_256_GCM_SHA384, TLS_ECDHE_RSA_WITH_AES_128_CBC_SHA, TLS_ECDHE_RSA_WITH_AES_256_CBC_SHA, TLS_RSA_WITH_AES_128_GCM_SHA256, TLS_RSA_WITH_AES_128_CBC_SHA, TLS_RSA_WITH_AES_256_CBC_SHA, TLS_AES_128_GCM_SHA256, TLS_AES_256_GCM_SHA384]
2024-10-18 05:10:27 [Thread-0] DEBUG io.netty.channel.DefaultChannelId - -Dio.netty.processId: 21820 (auto-detected)
2024-10-18 05:10:27 [Thread-0] DEBUG io.netty.util.NetUtil - -Djava.net.preferIPv4Stack: false
2024-10-18 05:10:27 [Thread-0] DEBUG io.netty.util.NetUtil - -Djava.net.preferIPv6Addresses: false
2024-10-18 05:10:27 [Thread-0] DEBUG i.netty.util.NetUtilInitializations - Loopback interface: loopback_0 (Software Loopback Interface 1, 0:0:0:0:0:0:0:1)
2024-10-18 05:10:27 [Thread-0] DEBUG io.netty.util.NetUtil - Failed to get SOMAXCONN from sysctl and file \proc\sys\net\core\somaxconn. Default: 200
2024-10-18 05:10:27 [Thread-0] DEBUG io.netty.channel.DefaultChannelId - -Dio.netty.machineId: 10:e7:c6:ff:fe:e4:af:05 (auto-detected)
2024-10-18 05:10:27 [Thread-0] DEBUG io.netty.util.ResourceLeakDetector - -Dio.netty.leakDetection.level: simple
2024-10-18 05:10:27 [Thread-0] DEBUG io.netty.util.ResourceLeakDetector - -Dio.netty.leakDetection.targetRecords: 4
2024-10-18 05:10:27 [Thread-0] DEBUG i.n.buffer.PooledByteBufAllocator - -Dio.netty.allocator.numHeapArenas: 8
2024-10-18 05:10:27 [Thread-0] DEBUG i.n.buffer.PooledByteBufAllocator - -Dio.netty.allocator.numDirectArenas: 8
2024-10-18 05:10:27 [Thread-0] DEBUG i.n.buffer.PooledByteBufAllocator - -Dio.netty.allocator.pageSize: 8192
2024-10-18 05:10:27 [Thread-0] DEBUG i.n.buffer.PooledByteBufAllocator - -Dio.netty.allocator.maxOrder: 9
2024-10-18 05:10:27 [Thread-0] DEBUG i.n.buffer.PooledByteBufAllocator - -Dio.netty.allocator.chunkSize: 4194304
2024-10-18 05:10:27 [Thread-0] DEBUG i.n.buffer.PooledByteBufAllocator - -Dio.netty.allocator.smallCacheSize: 256
2024-10-18 05:10:27 [Thread-0] DEBUG i.n.buffer.PooledByteBufAllocator - -Dio.netty.allocator.normalCacheSize: 64
2024-10-18 05:10:27 [Thread-0] DEBUG i.n.buffer.PooledByteBufAllocator - -Dio.netty.allocator.maxCachedBufferCapacity: 32768
2024-10-18 05:10:27 [Thread-0] DEBUG i.n.buffer.PooledByteBufAllocator - -Dio.netty.allocator.cacheTrimInterval: 8192
2024-10-18 05:10:27 [Thread-0] DEBUG i.n.buffer.PooledByteBufAllocator - -Dio.netty.allocator.cacheTrimIntervalMillis: 0
2024-10-18 05:10:27 [Thread-0] DEBUG i.n.buffer.PooledByteBufAllocator - -Dio.netty.allocator.useCacheForAllThreads: false
2024-10-18 05:10:27 [Thread-0] DEBUG i.n.buffer.PooledByteBufAllocator - -Dio.netty.allocator.maxCachedByteBuffersPerChunk: 1023
2024-10-18 05:10:27 [Thread-0] DEBUG i.n.buffer.PooledByteBufAllocator - -Dio.netty.allocator.disableCacheFinalizersForFastThreadLocalThreads: false
2024-10-18 05:10:27 [Thread-0] DEBUG io.netty.buffer.ByteBufUtil - -Dio.netty.allocator.type: pooled
2024-10-18 05:10:27 [Thread-0] DEBUG io.netty.buffer.ByteBufUtil - -Dio.netty.threadLocalDirectBufferSize: 0
2024-10-18 05:10:27 [Thread-0] DEBUG io.netty.buffer.ByteBufUtil - -Dio.netty.maxThreadLocalCharBufferSize: 16384
2024-10-18 05:10:27 [Thread-0] DEBUG i.n.b.ChannelInitializerExtensions - -Dio.netty.bootstrap.extensions: null
2024-10-18 09:43:00 [AWT-EventQueue-0] DEBUG i.n.u.i.l.InternalLoggerFactory - Using SLF4J as the default logging framework
2024-10-18 09:43:00 [AWT-EventQueue-0] DEBUG i.n.c.MultithreadEventLoopGroup - -Dio.netty.eventLoopThreads: 8
2024-10-18 09:43:00 [AWT-EventQueue-0] DEBUG i.n.u.concurrent.GlobalEventExecutor - -Dio.netty.globalEventExecutor.quietPeriodSeconds: 1
2024-10-18 09:43:00 [AWT-EventQueue-0] DEBUG i.n.u.i.InternalThreadLocalMap - -Dio.netty.threadLocalMap.stringBuilder.initialSize: 1024
2024-10-18 09:43:00 [AWT-EventQueue-0] DEBUG i.n.u.i.InternalThreadLocalMap - -Dio.netty.threadLocalMap.stringBuilder.maxSize: 4096
2024-10-18 09:43:00 [AWT-EventQueue-0] DEBUG i.n.util.internal.PlatformDependent0 - -Dio.netty.noUnsafe: false
2024-10-18 09:43:00 [AWT-EventQueue-0] DEBUG i.n.util.internal.PlatformDependent0 - Java version: 21
2024-10-18 09:43:00 [AWT-EventQueue-0] DEBUG i.n.util.internal.PlatformDependent0 - sun.misc.Unsafe.theUnsafe: available
2024-10-18 09:43:00 [AWT-EventQueue-0] DEBUG i.n.util.internal.PlatformDependent0 - sun.misc.Unsafe base methods: all available
2024-10-18 09:43:00 [AWT-EventQueue-0] DEBUG i.n.util.internal.PlatformDependent0 - sun.misc.Unsafe.storeFence: available
2024-10-18 09:43:00 [AWT-EventQueue-0] DEBUG i.n.util.internal.PlatformDependent0 - java.nio.Buffer.address: available
2024-10-18 09:43:00 [AWT-EventQueue-0] DEBUG i.n.util.internal.PlatformDependent0 - direct buffer constructor: unavailable: Reflective setAccessible(true) disabled
2024-10-18 09:43:00 [AWT-EventQueue-0] DEBUG i.n.util.internal.PlatformDependent0 - java.nio.Bits.unaligned: available, true
2024-10-18 09:43:00 [AWT-EventQueue-0] DEBUG i.n.util.internal.PlatformDependent0 - jdk.internal.misc.Unsafe.allocateUninitializedArray(int): unavailable: class io.netty.util.internal.PlatformDependent0$7 cannot access class jdk.internal.misc.Unsafe (in module java.base) because module java.base does not export jdk.internal.misc to unnamed module @4ec6a292
2024-10-18 09:43:00 [AWT-EventQueue-0] DEBUG i.n.util.internal.PlatformDependent0 - java.nio.DirectByteBuffer.<init>(long, {int,long}): unavailable
2024-10-18 09:43:00 [AWT-EventQueue-0] DEBUG i.n.util.internal.PlatformDependent - sun.misc.Unsafe: available
2024-10-18 09:43:00 [AWT-EventQueue-0] DEBUG i.n.util.internal.PlatformDependent - -Dio.netty.tmpdir: C:\Users\user\AppData\Local\Temp (java.io.tmpdir)
2024-10-18 09:43:00 [AWT-EventQueue-0] DEBUG i.n.util.internal.PlatformDependent - -Dio.netty.bitMode: 64 (sun.arch.data.model)
2024-10-18 09:43:00 [AWT-EventQueue-0] DEBUG i.n.util.internal.PlatformDependent - Platform: Windows
2024-10-18 09:43:00 [AWT-EventQueue-0] DEBUG i.n.util.internal.PlatformDependent - -Dio.netty.maxDirectMemory: -1 bytes
2024-10-18 09:43:00 [AWT-EventQueue-0] DEBUG i.n.util.internal.PlatformDependent - -Dio.netty.uninitializedArrayAllocationThreshold: -1
2024-10-18 09:43:00 [AWT-EventQueue-0] DEBUG io.netty.util.internal.CleanerJava9 - java.nio.ByteBuffer.cleaner(): available
2024-10-18 09:43:00 [AWT-EventQueue-0] DEBUG i.n.util.internal.PlatformDependent - -Dio.netty.noPreferDirect: false
2024-10-18 09:43:00 [AWT-EventQueue-0] DEBUG io.netty.channel.nio.NioEventLoop - -Dio.netty.noKeySetOptimization: false
2024-10-18 09:43:00 [AWT-EventQueue-0] DEBUG io.netty.channel.nio.NioEventLoop - -Dio.netty.selectorAutoRebuildThreshold: 512
2024-10-18 09:43:00 [AWT-EventQueue-0] DEBUG i.n.util.internal.PlatformDependent - org.jctools-core.MpscChunkedArrayQueue: available
2024-10-18 09:43:01 [AWT-EventQueue-0] DEBUG io.netty.handler.ssl.OpenSsl - netty-tcnative not in the classpath; OpenSslEngine will be unavailable.
2024-10-18 09:43:01 [AWT-EventQueue-0] DEBUG io.netty.handler.ssl.JdkSslContext - Default protocols (JDK): [TLSv1.3, TLSv1.2] 
2024-10-18 09:43:01 [AWT-EventQueue-0] DEBUG io.netty.handler.ssl.JdkSslContext - Default cipher suites (JDK): [TLS_ECDHE_ECDSA_WITH_AES_256_GCM_SHA384, TLS_ECDHE_ECDSA_WITH_AES_128_GCM_SHA256, TLS_ECDHE_RSA_WITH_AES_128_GCM_SHA256, TLS_ECDHE_RSA_WITH_AES_256_GCM_SHA384, TLS_ECDHE_RSA_WITH_AES_128_CBC_SHA, TLS_ECDHE_RSA_WITH_AES_256_CBC_SHA, TLS_RSA_WITH_AES_128_GCM_SHA256, TLS_RSA_WITH_AES_128_CBC_SHA, TLS_RSA_WITH_AES_256_CBC_SHA, TLS_AES_128_GCM_SHA256, TLS_AES_256_GCM_SHA384]
2024-10-18 09:43:02 [Thread-0] DEBUG io.netty.channel.DefaultChannelId - -Dio.netty.processId: 15828 (auto-detected)
2024-10-18 09:43:02 [Thread-0] DEBUG io.netty.util.NetUtil - -Djava.net.preferIPv4Stack: false
2024-10-18 09:43:02 [Thread-0] DEBUG io.netty.util.NetUtil - -Djava.net.preferIPv6Addresses: false
2024-10-18 09:43:02 [Thread-0] DEBUG i.netty.util.NetUtilInitializations - Loopback interface: loopback_0 (Software Loopback Interface 1, 0:0:0:0:0:0:0:1)
2024-10-18 09:43:02 [Thread-0] DEBUG io.netty.util.NetUtil - Failed to get SOMAXCONN from sysctl and file \proc\sys\net\core\somaxconn. Default: 200
2024-10-18 09:43:02 [Thread-0] DEBUG io.netty.channel.DefaultChannelId - -Dio.netty.machineId: 10:e7:c6:ff:fe:e4:af:05 (auto-detected)
2024-10-18 09:43:02 [Thread-0] DEBUG io.netty.util.ResourceLeakDetector - -Dio.netty.leakDetection.level: simple
2024-10-18 09:43:02 [Thread-0] DEBUG io.netty.util.ResourceLeakDetector - -Dio.netty.leakDetection.targetRecords: 4
2024-10-18 09:43:02 [Thread-0] DEBUG i.n.buffer.PooledByteBufAllocator - -Dio.netty.allocator.numHeapArenas: 8
2024-10-18 09:43:02 [Thread-0] DEBUG i.n.buffer.PooledByteBufAllocator - -Dio.netty.allocator.numDirectArenas: 8
2024-10-18 09:43:02 [Thread-0] DEBUG i.n.buffer.PooledByteBufAllocator - -Dio.netty.allocator.pageSize: 8192
2024-10-18 09:43:02 [Thread-0] DEBUG i.n.buffer.PooledByteBufAllocator - -Dio.netty.allocator.maxOrder: 9
2024-10-18 09:43:02 [Thread-0] DEBUG i.n.buffer.PooledByteBufAllocator - -Dio.netty.allocator.chunkSize: 4194304
2024-10-18 09:43:02 [Thread-0] DEBUG i.n.buffer.PooledByteBufAllocator - -Dio.netty.allocator.smallCacheSize: 256
2024-10-18 09:43:02 [Thread-0] DEBUG i.n.buffer.PooledByteBufAllocator - -Dio.netty.allocator.normalCacheSize: 64
2024-10-18 09:43:02 [Thread-0] DEBUG i.n.buffer.PooledByteBufAllocator - -Dio.netty.allocator.maxCachedBufferCapacity: 32768
2024-10-18 09:43:02 [Thread-0] DEBUG i.n.buffer.PooledByteBufAllocator - -Dio.netty.allocator.cacheTrimInterval: 8192
2024-10-18 09:43:02 [Thread-0] DEBUG i.n.buffer.PooledByteBufAllocator - -Dio.netty.allocator.cacheTrimIntervalMillis: 0
2024-10-18 09:43:02 [Thread-0] DEBUG i.n.buffer.PooledByteBufAllocator - -Dio.netty.allocator.useCacheForAllThreads: false
2024-10-18 09:43:02 [Thread-0] DEBUG i.n.buffer.PooledByteBufAllocator - -Dio.netty.allocator.maxCachedByteBuffersPerChunk: 1023
2024-10-18 09:43:02 [Thread-0] DEBUG i.n.buffer.PooledByteBufAllocator - -Dio.netty.allocator.disableCacheFinalizersForFastThreadLocalThreads: false
2024-10-18 09:43:02 [Thread-0] DEBUG io.netty.buffer.ByteBufUtil - -Dio.netty.allocator.type: pooled
2024-10-18 09:43:02 [Thread-0] DEBUG io.netty.buffer.ByteBufUtil - -Dio.netty.threadLocalDirectBufferSize: 0
2024-10-18 09:43:02 [Thread-0] DEBUG io.netty.buffer.ByteBufUtil - -Dio.netty.maxThreadLocalCharBufferSize: 16384
2024-10-18 09:43:02 [Thread-0] DEBUG i.n.b.ChannelInitializerExtensions - -Dio.netty.bootstrap.extensions: null
2024-10-18 09:45:37 [AWT-EventQueue-0] DEBUG i.n.u.i.l.InternalLoggerFactory - Using SLF4J as the default logging framework
2024-10-18 09:45:37 [AWT-EventQueue-0] DEBUG i.n.c.MultithreadEventLoopGroup - -Dio.netty.eventLoopThreads: 8
2024-10-18 09:45:37 [AWT-EventQueue-0] DEBUG i.n.u.concurrent.GlobalEventExecutor - -Dio.netty.globalEventExecutor.quietPeriodSeconds: 1
2024-10-18 09:45:37 [AWT-EventQueue-0] DEBUG i.n.u.i.InternalThreadLocalMap - -Dio.netty.threadLocalMap.stringBuilder.initialSize: 1024
2024-10-18 09:45:37 [AWT-EventQueue-0] DEBUG i.n.u.i.InternalThreadLocalMap - -Dio.netty.threadLocalMap.stringBuilder.maxSize: 4096
2024-10-18 09:45:37 [AWT-EventQueue-0] DEBUG i.n.util.internal.PlatformDependent0 - -Dio.netty.noUnsafe: false
2024-10-18 09:45:37 [AWT-EventQueue-0] DEBUG i.n.util.internal.PlatformDependent0 - Java version: 21
2024-10-18 09:45:37 [AWT-EventQueue-0] DEBUG i.n.util.internal.PlatformDependent0 - sun.misc.Unsafe.theUnsafe: available
2024-10-18 09:45:37 [AWT-EventQueue-0] DEBUG i.n.util.internal.PlatformDependent0 - sun.misc.Unsafe base methods: all available
2024-10-18 09:45:37 [AWT-EventQueue-0] DEBUG i.n.util.internal.PlatformDependent0 - sun.misc.Unsafe.storeFence: available
2024-10-18 09:45:37 [AWT-EventQueue-0] DEBUG i.n.util.internal.PlatformDependent0 - java.nio.Buffer.address: available
2024-10-18 09:45:37 [AWT-EventQueue-0] DEBUG i.n.util.internal.PlatformDependent0 - direct buffer constructor: unavailable: Reflective setAccessible(true) disabled
2024-10-18 09:45:37 [AWT-EventQueue-0] DEBUG i.n.util.internal.PlatformDependent0 - java.nio.Bits.unaligned: available, true
2024-10-18 09:45:37 [AWT-EventQueue-0] DEBUG i.n.util.internal.PlatformDependent0 - jdk.internal.misc.Unsafe.allocateUninitializedArray(int): unavailable: class io.netty.util.internal.PlatformDependent0$7 cannot access class jdk.internal.misc.Unsafe (in module java.base) because module java.base does not export jdk.internal.misc to unnamed module @4ec6a292
2024-10-18 09:45:37 [AWT-EventQueue-0] DEBUG i.n.util.internal.PlatformDependent0 - java.nio.DirectByteBuffer.<init>(long, {int,long}): unavailable
2024-10-18 09:45:37 [AWT-EventQueue-0] DEBUG i.n.util.internal.PlatformDependent - sun.misc.Unsafe: available
2024-10-18 09:45:37 [AWT-EventQueue-0] DEBUG i.n.util.internal.PlatformDependent - -Dio.netty.tmpdir: C:\Users\user\AppData\Local\Temp (java.io.tmpdir)
2024-10-18 09:45:37 [AWT-EventQueue-0] DEBUG i.n.util.internal.PlatformDependent - -Dio.netty.bitMode: 64 (sun.arch.data.model)
2024-10-18 09:45:37 [AWT-EventQueue-0] DEBUG i.n.util.internal.PlatformDependent - Platform: Windows
2024-10-18 09:45:37 [AWT-EventQueue-0] DEBUG i.n.util.internal.PlatformDependent - -Dio.netty.maxDirectMemory: -1 bytes
2024-10-18 09:45:37 [AWT-EventQueue-0] DEBUG i.n.util.internal.PlatformDependent - -Dio.netty.uninitializedArrayAllocationThreshold: -1
2024-10-18 09:45:37 [AWT-EventQueue-0] DEBUG io.netty.util.internal.CleanerJava9 - java.nio.ByteBuffer.cleaner(): available
2024-10-18 09:45:37 [AWT-EventQueue-0] DEBUG i.n.util.internal.PlatformDependent - -Dio.netty.noPreferDirect: false
2024-10-18 09:45:37 [AWT-EventQueue-0] DEBUG io.netty.channel.nio.NioEventLoop - -Dio.netty.noKeySetOptimization: false
2024-10-18 09:45:37 [AWT-EventQueue-0] DEBUG io.netty.channel.nio.NioEventLoop - -Dio.netty.selectorAutoRebuildThreshold: 512
2024-10-18 09:45:37 [AWT-EventQueue-0] DEBUG i.n.util.internal.PlatformDependent - org.jctools-core.MpscChunkedArrayQueue: available
2024-10-18 09:45:38 [AWT-EventQueue-0] DEBUG io.netty.handler.ssl.OpenSsl - netty-tcnative not in the classpath; OpenSslEngine will be unavailable.
2024-10-18 09:45:38 [AWT-EventQueue-0] DEBUG io.netty.handler.ssl.JdkSslContext - Default protocols (JDK): [TLSv1.3, TLSv1.2] 
2024-10-18 09:45:38 [AWT-EventQueue-0] DEBUG io.netty.handler.ssl.JdkSslContext - Default cipher suites (JDK): [TLS_ECDHE_ECDSA_WITH_AES_256_GCM_SHA384, TLS_ECDHE_ECDSA_WITH_AES_128_GCM_SHA256, TLS_ECDHE_RSA_WITH_AES_128_GCM_SHA256, TLS_ECDHE_RSA_WITH_AES_256_GCM_SHA384, TLS_ECDHE_RSA_WITH_AES_128_CBC_SHA, TLS_ECDHE_RSA_WITH_AES_256_CBC_SHA, TLS_RSA_WITH_AES_128_GCM_SHA256, TLS_RSA_WITH_AES_128_CBC_SHA, TLS_RSA_WITH_AES_256_CBC_SHA, TLS_AES_128_GCM_SHA256, TLS_AES_256_GCM_SHA384]
2024-10-18 09:45:38 [Thread-0] DEBUG io.netty.channel.DefaultChannelId - -Dio.netty.processId: 7932 (auto-detected)
2024-10-18 09:45:38 [Thread-0] DEBUG io.netty.util.NetUtil - -Djava.net.preferIPv4Stack: false
2024-10-18 09:45:38 [Thread-0] DEBUG io.netty.util.NetUtil - -Djava.net.preferIPv6Addresses: false
2024-10-18 09:45:38 [Thread-0] DEBUG i.netty.util.NetUtilInitializations - Loopback interface: loopback_0 (Software Loopback Interface 1, 0:0:0:0:0:0:0:1)
2024-10-18 09:45:38 [Thread-0] DEBUG io.netty.util.NetUtil - Failed to get SOMAXCONN from sysctl and file \proc\sys\net\core\somaxconn. Default: 200
2024-10-18 09:45:38 [Thread-0] DEBUG io.netty.channel.DefaultChannelId - -Dio.netty.machineId: 10:e7:c6:ff:fe:e4:af:05 (auto-detected)
2024-10-18 09:45:38 [Thread-0] DEBUG io.netty.util.ResourceLeakDetector - -Dio.netty.leakDetection.level: simple
2024-10-18 09:45:38 [Thread-0] DEBUG io.netty.util.ResourceLeakDetector - -Dio.netty.leakDetection.targetRecords: 4
2024-10-18 09:45:38 [Thread-0] DEBUG i.n.buffer.PooledByteBufAllocator - -Dio.netty.allocator.numHeapArenas: 8
2024-10-18 09:45:38 [Thread-0] DEBUG i.n.buffer.PooledByteBufAllocator - -Dio.netty.allocator.numDirectArenas: 8
2024-10-18 09:45:38 [Thread-0] DEBUG i.n.buffer.PooledByteBufAllocator - -Dio.netty.allocator.pageSize: 8192
2024-10-18 09:45:38 [Thread-0] DEBUG i.n.buffer.PooledByteBufAllocator - -Dio.netty.allocator.maxOrder: 9
2024-10-18 09:45:38 [Thread-0] DEBUG i.n.buffer.PooledByteBufAllocator - -Dio.netty.allocator.chunkSize: 4194304
2024-10-18 09:45:38 [Thread-0] DEBUG i.n.buffer.PooledByteBufAllocator - -Dio.netty.allocator.smallCacheSize: 256
2024-10-18 09:45:38 [Thread-0] DEBUG i.n.buffer.PooledByteBufAllocator - -Dio.netty.allocator.normalCacheSize: 64
2024-10-18 09:45:38 [Thread-0] DEBUG i.n.buffer.PooledByteBufAllocator - -Dio.netty.allocator.maxCachedBufferCapacity: 32768
2024-10-18 09:45:38 [Thread-0] DEBUG i.n.buffer.PooledByteBufAllocator - -Dio.netty.allocator.cacheTrimInterval: 8192
2024-10-18 09:45:38 [Thread-0] DEBUG i.n.buffer.PooledByteBufAllocator - -Dio.netty.allocator.cacheTrimIntervalMillis: 0
2024-10-18 09:45:38 [Thread-0] DEBUG i.n.buffer.PooledByteBufAllocator - -Dio.netty.allocator.useCacheForAllThreads: false
2024-10-18 09:45:38 [Thread-0] DEBUG i.n.buffer.PooledByteBufAllocator - -Dio.netty.allocator.maxCachedByteBuffersPerChunk: 1023
2024-10-18 09:45:38 [Thread-0] DEBUG i.n.buffer.PooledByteBufAllocator - -Dio.netty.allocator.disableCacheFinalizersForFastThreadLocalThreads: false
2024-10-18 09:45:38 [Thread-0] DEBUG io.netty.buffer.ByteBufUtil - -Dio.netty.allocator.type: pooled
2024-10-18 09:45:38 [Thread-0] DEBUG io.netty.buffer.ByteBufUtil - -Dio.netty.threadLocalDirectBufferSize: 0
2024-10-18 09:45:38 [Thread-0] DEBUG io.netty.buffer.ByteBufUtil - -Dio.netty.maxThreadLocalCharBufferSize: 16384
2024-10-18 09:45:38 [Thread-0] DEBUG i.n.b.ChannelInitializerExtensions - -Dio.netty.bootstrap.extensions: null
2024-10-18 09:48:11 [AWT-EventQueue-0] DEBUG i.n.u.i.l.InternalLoggerFactory - Using SLF4J as the default logging framework
2024-10-18 09:48:11 [AWT-EventQueue-0] DEBUG i.n.c.MultithreadEventLoopGroup - -Dio.netty.eventLoopThreads: 8
2024-10-18 09:48:11 [AWT-EventQueue-0] DEBUG i.n.u.concurrent.GlobalEventExecutor - -Dio.netty.globalEventExecutor.quietPeriodSeconds: 1
2024-10-18 09:48:11 [AWT-EventQueue-0] DEBUG i.n.u.i.InternalThreadLocalMap - -Dio.netty.threadLocalMap.stringBuilder.initialSize: 1024
2024-10-18 09:48:11 [AWT-EventQueue-0] DEBUG i.n.u.i.InternalThreadLocalMap - -Dio.netty.threadLocalMap.stringBuilder.maxSize: 4096
2024-10-18 09:48:11 [AWT-EventQueue-0] DEBUG i.n.util.internal.PlatformDependent0 - -Dio.netty.noUnsafe: false
2024-10-18 09:48:11 [AWT-EventQueue-0] DEBUG i.n.util.internal.PlatformDependent0 - Java version: 21
2024-10-18 09:48:11 [AWT-EventQueue-0] DEBUG i.n.util.internal.PlatformDependent0 - sun.misc.Unsafe.theUnsafe: available
2024-10-18 09:48:11 [AWT-EventQueue-0] DEBUG i.n.util.internal.PlatformDependent0 - sun.misc.Unsafe base methods: all available
2024-10-18 09:48:11 [AWT-EventQueue-0] DEBUG i.n.util.internal.PlatformDependent0 - sun.misc.Unsafe.storeFence: available
2024-10-18 09:48:11 [AWT-EventQueue-0] DEBUG i.n.util.internal.PlatformDependent0 - java.nio.Buffer.address: available
2024-10-18 09:48:11 [AWT-EventQueue-0] DEBUG i.n.util.internal.PlatformDependent0 - direct buffer constructor: unavailable: Reflective setAccessible(true) disabled
2024-10-18 09:48:11 [AWT-EventQueue-0] DEBUG i.n.util.internal.PlatformDependent0 - java.nio.Bits.unaligned: available, true
2024-10-18 09:48:11 [AWT-EventQueue-0] DEBUG i.n.util.internal.PlatformDependent0 - jdk.internal.misc.Unsafe.allocateUninitializedArray(int): unavailable: class io.netty.util.internal.PlatformDependent0$7 cannot access class jdk.internal.misc.Unsafe (in module java.base) because module java.base does not export jdk.internal.misc to unnamed module @4ec6a292
2024-10-18 09:48:11 [AWT-EventQueue-0] DEBUG i.n.util.internal.PlatformDependent0 - java.nio.DirectByteBuffer.<init>(long, {int,long}): unavailable
2024-10-18 09:48:11 [AWT-EventQueue-0] DEBUG i.n.util.internal.PlatformDependent - sun.misc.Unsafe: available
2024-10-18 09:48:11 [AWT-EventQueue-0] DEBUG i.n.util.internal.PlatformDependent - -Dio.netty.tmpdir: C:\Users\user\AppData\Local\Temp (java.io.tmpdir)
2024-10-18 09:48:11 [AWT-EventQueue-0] DEBUG i.n.util.internal.PlatformDependent - -Dio.netty.bitMode: 64 (sun.arch.data.model)
2024-10-18 09:48:11 [AWT-EventQueue-0] DEBUG i.n.util.internal.PlatformDependent - Platform: Windows
2024-10-18 09:48:11 [AWT-EventQueue-0] DEBUG i.n.util.internal.PlatformDependent - -Dio.netty.maxDirectMemory: -1 bytes
2024-10-18 09:48:11 [AWT-EventQueue-0] DEBUG i.n.util.internal.PlatformDependent - -Dio.netty.uninitializedArrayAllocationThreshold: -1
2024-10-18 09:48:11 [AWT-EventQueue-0] DEBUG io.netty.util.internal.CleanerJava9 - java.nio.ByteBuffer.cleaner(): available
2024-10-18 09:48:11 [AWT-EventQueue-0] DEBUG i.n.util.internal.PlatformDependent - -Dio.netty.noPreferDirect: false
2024-10-18 09:48:11 [AWT-EventQueue-0] DEBUG io.netty.channel.nio.NioEventLoop - -Dio.netty.noKeySetOptimization: false
2024-10-18 09:48:11 [AWT-EventQueue-0] DEBUG io.netty.channel.nio.NioEventLoop - -Dio.netty.selectorAutoRebuildThreshold: 512
2024-10-18 09:48:11 [AWT-EventQueue-0] DEBUG i.n.util.internal.PlatformDependent - org.jctools-core.MpscChunkedArrayQueue: available
2024-10-18 09:48:12 [AWT-EventQueue-0] DEBUG io.netty.handler.ssl.OpenSsl - netty-tcnative not in the classpath; OpenSslEngine will be unavailable.
2024-10-18 09:48:12 [AWT-EventQueue-0] DEBUG io.netty.handler.ssl.JdkSslContext - Default protocols (JDK): [TLSv1.3, TLSv1.2] 
2024-10-18 09:48:12 [AWT-EventQueue-0] DEBUG io.netty.handler.ssl.JdkSslContext - Default cipher suites (JDK): [TLS_ECDHE_ECDSA_WITH_AES_256_GCM_SHA384, TLS_ECDHE_ECDSA_WITH_AES_128_GCM_SHA256, TLS_ECDHE_RSA_WITH_AES_128_GCM_SHA256, TLS_ECDHE_RSA_WITH_AES_256_GCM_SHA384, TLS_ECDHE_RSA_WITH_AES_128_CBC_SHA, TLS_ECDHE_RSA_WITH_AES_256_CBC_SHA, TLS_RSA_WITH_AES_128_GCM_SHA256, TLS_RSA_WITH_AES_128_CBC_SHA, TLS_RSA_WITH_AES_256_CBC_SHA, TLS_AES_128_GCM_SHA256, TLS_AES_256_GCM_SHA384]
2024-10-18 09:48:12 [Thread-0] DEBUG io.netty.channel.DefaultChannelId - -Dio.netty.processId: 26536 (auto-detected)
2024-10-18 09:48:12 [Thread-0] DEBUG io.netty.util.NetUtil - -Djava.net.preferIPv4Stack: false
2024-10-18 09:48:12 [Thread-0] DEBUG io.netty.util.NetUtil - -Djava.net.preferIPv6Addresses: false
2024-10-18 09:48:12 [Thread-0] DEBUG i.netty.util.NetUtilInitializations - Loopback interface: loopback_0 (Software Loopback Interface 1, 0:0:0:0:0:0:0:1)
2024-10-18 09:48:12 [Thread-0] DEBUG io.netty.util.NetUtil - Failed to get SOMAXCONN from sysctl and file \proc\sys\net\core\somaxconn. Default: 200
2024-10-18 09:48:12 [Thread-0] DEBUG io.netty.channel.DefaultChannelId - -Dio.netty.machineId: 10:e7:c6:ff:fe:e4:af:05 (auto-detected)
2024-10-18 09:48:12 [Thread-0] DEBUG io.netty.util.ResourceLeakDetector - -Dio.netty.leakDetection.level: simple
2024-10-18 09:48:12 [Thread-0] DEBUG io.netty.util.ResourceLeakDetector - -Dio.netty.leakDetection.targetRecords: 4
2024-10-18 09:48:12 [Thread-0] DEBUG i.n.buffer.PooledByteBufAllocator - -Dio.netty.allocator.numHeapArenas: 8
2024-10-18 09:48:12 [Thread-0] DEBUG i.n.buffer.PooledByteBufAllocator - -Dio.netty.allocator.numDirectArenas: 8
2024-10-18 09:48:12 [Thread-0] DEBUG i.n.buffer.PooledByteBufAllocator - -Dio.netty.allocator.pageSize: 8192
2024-10-18 09:48:12 [Thread-0] DEBUG i.n.buffer.PooledByteBufAllocator - -Dio.netty.allocator.maxOrder: 9
2024-10-18 09:48:12 [Thread-0] DEBUG i.n.buffer.PooledByteBufAllocator - -Dio.netty.allocator.chunkSize: 4194304
2024-10-18 09:48:12 [Thread-0] DEBUG i.n.buffer.PooledByteBufAllocator - -Dio.netty.allocator.smallCacheSize: 256
2024-10-18 09:48:12 [Thread-0] DEBUG i.n.buffer.PooledByteBufAllocator - -Dio.netty.allocator.normalCacheSize: 64
2024-10-18 09:48:12 [Thread-0] DEBUG i.n.buffer.PooledByteBufAllocator - -Dio.netty.allocator.maxCachedBufferCapacity: 32768
2024-10-18 09:48:12 [Thread-0] DEBUG i.n.buffer.PooledByteBufAllocator - -Dio.netty.allocator.cacheTrimInterval: 8192
2024-10-18 09:48:12 [Thread-0] DEBUG i.n.buffer.PooledByteBufAllocator - -Dio.netty.allocator.cacheTrimIntervalMillis: 0
2024-10-18 09:48:12 [Thread-0] DEBUG i.n.buffer.PooledByteBufAllocator - -Dio.netty.allocator.useCacheForAllThreads: false
2024-10-18 09:48:12 [Thread-0] DEBUG i.n.buffer.PooledByteBufAllocator - -Dio.netty.allocator.maxCachedByteBuffersPerChunk: 1023
2024-10-18 09:48:12 [Thread-0] DEBUG i.n.buffer.PooledByteBufAllocator - -Dio.netty.allocator.disableCacheFinalizersForFastThreadLocalThreads: false
2024-10-18 09:48:12 [Thread-0] DEBUG io.netty.buffer.ByteBufUtil - -Dio.netty.allocator.type: pooled
2024-10-18 09:48:12 [Thread-0] DEBUG io.netty.buffer.ByteBufUtil - -Dio.netty.threadLocalDirectBufferSize: 0
2024-10-18 09:48:12 [Thread-0] DEBUG io.netty.buffer.ByteBufUtil - -Dio.netty.maxThreadLocalCharBufferSize: 16384
2024-10-18 09:48:12 [Thread-0] DEBUG i.n.b.ChannelInitializerExtensions - -Dio.netty.bootstrap.extensions: null
2024-10-18 09:52:14 [AWT-EventQueue-0] DEBUG i.n.u.i.l.InternalLoggerFactory - Using SLF4J as the default logging framework
2024-10-18 09:52:14 [AWT-EventQueue-0] DEBUG i.n.c.MultithreadEventLoopGroup - -Dio.netty.eventLoopThreads: 8
2024-10-18 09:52:14 [AWT-EventQueue-0] DEBUG i.n.u.concurrent.GlobalEventExecutor - -Dio.netty.globalEventExecutor.quietPeriodSeconds: 1
2024-10-18 09:52:14 [AWT-EventQueue-0] DEBUG i.n.u.i.InternalThreadLocalMap - -Dio.netty.threadLocalMap.stringBuilder.initialSize: 1024
2024-10-18 09:52:14 [AWT-EventQueue-0] DEBUG i.n.u.i.InternalThreadLocalMap - -Dio.netty.threadLocalMap.stringBuilder.maxSize: 4096
2024-10-18 09:52:14 [AWT-EventQueue-0] DEBUG i.n.util.internal.PlatformDependent0 - -Dio.netty.noUnsafe: false
2024-10-18 09:52:14 [AWT-EventQueue-0] DEBUG i.n.util.internal.PlatformDependent0 - Java version: 21
2024-10-18 09:52:14 [AWT-EventQueue-0] DEBUG i.n.util.internal.PlatformDependent0 - sun.misc.Unsafe.theUnsafe: available
2024-10-18 09:52:14 [AWT-EventQueue-0] DEBUG i.n.util.internal.PlatformDependent0 - sun.misc.Unsafe base methods: all available
2024-10-18 09:52:14 [AWT-EventQueue-0] DEBUG i.n.util.internal.PlatformDependent0 - sun.misc.Unsafe.storeFence: available
2024-10-18 09:52:14 [AWT-EventQueue-0] DEBUG i.n.util.internal.PlatformDependent0 - java.nio.Buffer.address: available
2024-10-18 09:52:14 [AWT-EventQueue-0] DEBUG i.n.util.internal.PlatformDependent0 - direct buffer constructor: unavailable: Reflective setAccessible(true) disabled
2024-10-18 09:52:14 [AWT-EventQueue-0] DEBUG i.n.util.internal.PlatformDependent0 - java.nio.Bits.unaligned: available, true
2024-10-18 09:52:14 [AWT-EventQueue-0] DEBUG i.n.util.internal.PlatformDependent0 - jdk.internal.misc.Unsafe.allocateUninitializedArray(int): unavailable: class io.netty.util.internal.PlatformDependent0$7 cannot access class jdk.internal.misc.Unsafe (in module java.base) because module java.base does not export jdk.internal.misc to unnamed module @4ec6a292
2024-10-18 09:52:14 [AWT-EventQueue-0] DEBUG i.n.util.internal.PlatformDependent0 - java.nio.DirectByteBuffer.<init>(long, {int,long}): unavailable
2024-10-18 09:52:14 [AWT-EventQueue-0] DEBUG i.n.util.internal.PlatformDependent - sun.misc.Unsafe: available
2024-10-18 09:52:14 [AWT-EventQueue-0] DEBUG i.n.util.internal.PlatformDependent - -Dio.netty.tmpdir: C:\Users\user\AppData\Local\Temp (java.io.tmpdir)
2024-10-18 09:52:14 [AWT-EventQueue-0] DEBUG i.n.util.internal.PlatformDependent - -Dio.netty.bitMode: 64 (sun.arch.data.model)
2024-10-18 09:52:14 [AWT-EventQueue-0] DEBUG i.n.util.internal.PlatformDependent - Platform: Windows
2024-10-18 09:52:14 [AWT-EventQueue-0] DEBUG i.n.util.internal.PlatformDependent - -Dio.netty.maxDirectMemory: -1 bytes
2024-10-18 09:52:14 [AWT-EventQueue-0] DEBUG i.n.util.internal.PlatformDependent - -Dio.netty.uninitializedArrayAllocationThreshold: -1
2024-10-18 09:52:14 [AWT-EventQueue-0] DEBUG io.netty.util.internal.CleanerJava9 - java.nio.ByteBuffer.cleaner(): available
2024-10-18 09:52:14 [AWT-EventQueue-0] DEBUG i.n.util.internal.PlatformDependent - -Dio.netty.noPreferDirect: false
2024-10-18 09:52:14 [AWT-EventQueue-0] DEBUG io.netty.channel.nio.NioEventLoop - -Dio.netty.noKeySetOptimization: false
2024-10-18 09:52:14 [AWT-EventQueue-0] DEBUG io.netty.channel.nio.NioEventLoop - -Dio.netty.selectorAutoRebuildThreshold: 512
2024-10-18 09:52:14 [AWT-EventQueue-0] DEBUG i.n.util.internal.PlatformDependent - org.jctools-core.MpscChunkedArrayQueue: available
2024-10-18 09:52:14 [AWT-EventQueue-0] DEBUG io.netty.handler.ssl.OpenSsl - netty-tcnative not in the classpath; OpenSslEngine will be unavailable.
2024-10-18 09:52:15 [AWT-EventQueue-0] DEBUG io.netty.handler.ssl.JdkSslContext - Default protocols (JDK): [TLSv1.3, TLSv1.2] 
2024-10-18 09:52:15 [AWT-EventQueue-0] DEBUG io.netty.handler.ssl.JdkSslContext - Default cipher suites (JDK): [TLS_ECDHE_ECDSA_WITH_AES_256_GCM_SHA384, TLS_ECDHE_ECDSA_WITH_AES_128_GCM_SHA256, TLS_ECDHE_RSA_WITH_AES_128_GCM_SHA256, TLS_ECDHE_RSA_WITH_AES_256_GCM_SHA384, TLS_ECDHE_RSA_WITH_AES_128_CBC_SHA, TLS_ECDHE_RSA_WITH_AES_256_CBC_SHA, TLS_RSA_WITH_AES_128_GCM_SHA256, TLS_RSA_WITH_AES_128_CBC_SHA, TLS_RSA_WITH_AES_256_CBC_SHA, TLS_AES_128_GCM_SHA256, TLS_AES_256_GCM_SHA384]
2024-10-18 09:52:15 [Thread-0] DEBUG io.netty.channel.DefaultChannelId - -Dio.netty.processId: 976 (auto-detected)
2024-10-18 09:52:15 [Thread-0] DEBUG io.netty.util.NetUtil - -Djava.net.preferIPv4Stack: false
2024-10-18 09:52:15 [Thread-0] DEBUG io.netty.util.NetUtil - -Djava.net.preferIPv6Addresses: false
2024-10-18 09:52:15 [Thread-0] DEBUG i.netty.util.NetUtilInitializations - Loopback interface: loopback_0 (Software Loopback Interface 1, 0:0:0:0:0:0:0:1)
2024-10-18 09:52:15 [Thread-0] DEBUG io.netty.util.NetUtil - Failed to get SOMAXCONN from sysctl and file \proc\sys\net\core\somaxconn. Default: 200
2024-10-18 09:52:15 [Thread-0] DEBUG io.netty.channel.DefaultChannelId - -Dio.netty.machineId: 10:e7:c6:ff:fe:e4:af:05 (auto-detected)
2024-10-18 09:52:15 [Thread-0] DEBUG io.netty.util.ResourceLeakDetector - -Dio.netty.leakDetection.level: simple
2024-10-18 09:52:15 [Thread-0] DEBUG io.netty.util.ResourceLeakDetector - -Dio.netty.leakDetection.targetRecords: 4
2024-10-18 09:52:15 [Thread-0] DEBUG i.n.buffer.PooledByteBufAllocator - -Dio.netty.allocator.numHeapArenas: 8
2024-10-18 09:52:15 [Thread-0] DEBUG i.n.buffer.PooledByteBufAllocator - -Dio.netty.allocator.numDirectArenas: 8
2024-10-18 09:52:15 [Thread-0] DEBUG i.n.buffer.PooledByteBufAllocator - -Dio.netty.allocator.pageSize: 8192
2024-10-18 09:52:15 [Thread-0] DEBUG i.n.buffer.PooledByteBufAllocator - -Dio.netty.allocator.maxOrder: 9
2024-10-18 09:52:15 [Thread-0] DEBUG i.n.buffer.PooledByteBufAllocator - -Dio.netty.allocator.chunkSize: 4194304
2024-10-18 09:52:15 [Thread-0] DEBUG i.n.buffer.PooledByteBufAllocator - -Dio.netty.allocator.smallCacheSize: 256
2024-10-18 09:52:15 [Thread-0] DEBUG i.n.buffer.PooledByteBufAllocator - -Dio.netty.allocator.normalCacheSize: 64
2024-10-18 09:52:15 [Thread-0] DEBUG i.n.buffer.PooledByteBufAllocator - -Dio.netty.allocator.maxCachedBufferCapacity: 32768
2024-10-18 09:52:15 [Thread-0] DEBUG i.n.buffer.PooledByteBufAllocator - -Dio.netty.allocator.cacheTrimInterval: 8192
2024-10-18 09:52:15 [Thread-0] DEBUG i.n.buffer.PooledByteBufAllocator - -Dio.netty.allocator.cacheTrimIntervalMillis: 0
2024-10-18 09:52:15 [Thread-0] DEBUG i.n.buffer.PooledByteBufAllocator - -Dio.netty.allocator.useCacheForAllThreads: false
2024-10-18 09:52:15 [Thread-0] DEBUG i.n.buffer.PooledByteBufAllocator - -Dio.netty.allocator.maxCachedByteBuffersPerChunk: 1023
2024-10-18 09:52:15 [Thread-0] DEBUG i.n.buffer.PooledByteBufAllocator - -Dio.netty.allocator.disableCacheFinalizersForFastThreadLocalThreads: false
2024-10-18 09:52:15 [Thread-0] DEBUG io.netty.buffer.ByteBufUtil - -Dio.netty.allocator.type: pooled
2024-10-18 09:52:15 [Thread-0] DEBUG io.netty.buffer.ByteBufUtil - -Dio.netty.threadLocalDirectBufferSize: 0
2024-10-18 09:52:15 [Thread-0] DEBUG io.netty.buffer.ByteBufUtil - -Dio.netty.maxThreadLocalCharBufferSize: 16384
2024-10-18 09:52:15 [Thread-0] DEBUG i.n.b.ChannelInitializerExtensions - -Dio.netty.bootstrap.extensions: null
2024-10-18 09:52:58 [AWT-EventQueue-0] DEBUG i.n.u.i.l.InternalLoggerFactory - Using SLF4J as the default logging framework
2024-10-18 09:52:58 [AWT-EventQueue-0] DEBUG i.n.c.MultithreadEventLoopGroup - -Dio.netty.eventLoopThreads: 8
2024-10-18 09:52:58 [AWT-EventQueue-0] DEBUG i.n.u.concurrent.GlobalEventExecutor - -Dio.netty.globalEventExecutor.quietPeriodSeconds: 1
2024-10-18 09:52:58 [AWT-EventQueue-0] DEBUG i.n.u.i.InternalThreadLocalMap - -Dio.netty.threadLocalMap.stringBuilder.initialSize: 1024
2024-10-18 09:52:58 [AWT-EventQueue-0] DEBUG i.n.u.i.InternalThreadLocalMap - -Dio.netty.threadLocalMap.stringBuilder.maxSize: 4096
2024-10-18 09:52:58 [AWT-EventQueue-0] DEBUG i.n.util.internal.PlatformDependent0 - -Dio.netty.noUnsafe: false
2024-10-18 09:52:58 [AWT-EventQueue-0] DEBUG i.n.util.internal.PlatformDependent0 - Java version: 21
2024-10-18 09:52:58 [AWT-EventQueue-0] DEBUG i.n.util.internal.PlatformDependent0 - sun.misc.Unsafe.theUnsafe: available
2024-10-18 09:52:58 [AWT-EventQueue-0] DEBUG i.n.util.internal.PlatformDependent0 - sun.misc.Unsafe base methods: all available
2024-10-18 09:52:58 [AWT-EventQueue-0] DEBUG i.n.util.internal.PlatformDependent0 - sun.misc.Unsafe.storeFence: available
2024-10-18 09:52:58 [AWT-EventQueue-0] DEBUG i.n.util.internal.PlatformDependent0 - java.nio.Buffer.address: available
2024-10-18 09:52:58 [AWT-EventQueue-0] DEBUG i.n.util.internal.PlatformDependent0 - direct buffer constructor: unavailable: Reflective setAccessible(true) disabled
2024-10-18 09:52:58 [AWT-EventQueue-0] DEBUG i.n.util.internal.PlatformDependent0 - java.nio.Bits.unaligned: available, true
2024-10-18 09:52:58 [AWT-EventQueue-0] DEBUG i.n.util.internal.PlatformDependent0 - jdk.internal.misc.Unsafe.allocateUninitializedArray(int): unavailable: class io.netty.util.internal.PlatformDependent0$7 cannot access class jdk.internal.misc.Unsafe (in module java.base) because module java.base does not export jdk.internal.misc to unnamed module @4ec6a292
2024-10-18 09:52:58 [AWT-EventQueue-0] DEBUG i.n.util.internal.PlatformDependent0 - java.nio.DirectByteBuffer.<init>(long, {int,long}): unavailable
2024-10-18 09:52:58 [AWT-EventQueue-0] DEBUG i.n.util.internal.PlatformDependent - sun.misc.Unsafe: available
2024-10-18 09:52:58 [AWT-EventQueue-0] DEBUG i.n.util.internal.PlatformDependent - -Dio.netty.tmpdir: C:\Users\user\AppData\Local\Temp (java.io.tmpdir)
2024-10-18 09:52:58 [AWT-EventQueue-0] DEBUG i.n.util.internal.PlatformDependent - -Dio.netty.bitMode: 64 (sun.arch.data.model)
2024-10-18 09:52:58 [AWT-EventQueue-0] DEBUG i.n.util.internal.PlatformDependent - Platform: Windows
2024-10-18 09:52:58 [AWT-EventQueue-0] DEBUG i.n.util.internal.PlatformDependent - -Dio.netty.maxDirectMemory: -1 bytes
2024-10-18 09:52:58 [AWT-EventQueue-0] DEBUG i.n.util.internal.PlatformDependent - -Dio.netty.uninitializedArrayAllocationThreshold: -1
2024-10-18 09:52:58 [AWT-EventQueue-0] DEBUG io.netty.util.internal.CleanerJava9 - java.nio.ByteBuffer.cleaner(): available
2024-10-18 09:52:58 [AWT-EventQueue-0] DEBUG i.n.util.internal.PlatformDependent - -Dio.netty.noPreferDirect: false
2024-10-18 09:52:58 [AWT-EventQueue-0] DEBUG io.netty.channel.nio.NioEventLoop - -Dio.netty.noKeySetOptimization: false
2024-10-18 09:52:58 [AWT-EventQueue-0] DEBUG io.netty.channel.nio.NioEventLoop - -Dio.netty.selectorAutoRebuildThreshold: 512
2024-10-18 09:52:58 [AWT-EventQueue-0] DEBUG i.n.util.internal.PlatformDependent - org.jctools-core.MpscChunkedArrayQueue: available
2024-10-18 09:52:59 [AWT-EventQueue-0] DEBUG io.netty.handler.ssl.OpenSsl - netty-tcnative not in the classpath; OpenSslEngine will be unavailable.
2024-10-18 09:52:59 [AWT-EventQueue-0] DEBUG io.netty.handler.ssl.JdkSslContext - Default protocols (JDK): [TLSv1.3, TLSv1.2] 
2024-10-18 09:52:59 [AWT-EventQueue-0] DEBUG io.netty.handler.ssl.JdkSslContext - Default cipher suites (JDK): [TLS_ECDHE_ECDSA_WITH_AES_256_GCM_SHA384, TLS_ECDHE_ECDSA_WITH_AES_128_GCM_SHA256, TLS_ECDHE_RSA_WITH_AES_128_GCM_SHA256, TLS_ECDHE_RSA_WITH_AES_256_GCM_SHA384, TLS_ECDHE_RSA_WITH_AES_128_CBC_SHA, TLS_ECDHE_RSA_WITH_AES_256_CBC_SHA, TLS_RSA_WITH_AES_128_GCM_SHA256, TLS_RSA_WITH_AES_128_CBC_SHA, TLS_RSA_WITH_AES_256_CBC_SHA, TLS_AES_128_GCM_SHA256, TLS_AES_256_GCM_SHA384]
2024-10-18 09:52:59 [Thread-0] DEBUG io.netty.channel.DefaultChannelId - -Dio.netty.processId: 23864 (auto-detected)
2024-10-18 09:52:59 [Thread-0] DEBUG io.netty.util.NetUtil - -Djava.net.preferIPv4Stack: false
2024-10-18 09:52:59 [Thread-0] DEBUG io.netty.util.NetUtil - -Djava.net.preferIPv6Addresses: false
2024-10-18 09:52:59 [Thread-0] DEBUG i.netty.util.NetUtilInitializations - Loopback interface: loopback_0 (Software Loopback Interface 1, 0:0:0:0:0:0:0:1)
2024-10-18 09:52:59 [Thread-0] DEBUG io.netty.util.NetUtil - Failed to get SOMAXCONN from sysctl and file \proc\sys\net\core\somaxconn. Default: 200
2024-10-18 09:52:59 [Thread-0] DEBUG io.netty.channel.DefaultChannelId - -Dio.netty.machineId: 10:e7:c6:ff:fe:e4:af:05 (auto-detected)
2024-10-18 09:52:59 [Thread-0] DEBUG io.netty.util.ResourceLeakDetector - -Dio.netty.leakDetection.level: simple
2024-10-18 09:52:59 [Thread-0] DEBUG io.netty.util.ResourceLeakDetector - -Dio.netty.leakDetection.targetRecords: 4
2024-10-18 09:53:00 [Thread-0] DEBUG i.n.buffer.PooledByteBufAllocator - -Dio.netty.allocator.numHeapArenas: 8
2024-10-18 09:53:00 [Thread-0] DEBUG i.n.buffer.PooledByteBufAllocator - -Dio.netty.allocator.numDirectArenas: 8
2024-10-18 09:53:00 [Thread-0] DEBUG i.n.buffer.PooledByteBufAllocator - -Dio.netty.allocator.pageSize: 8192
2024-10-18 09:53:00 [Thread-0] DEBUG i.n.buffer.PooledByteBufAllocator - -Dio.netty.allocator.maxOrder: 9
2024-10-18 09:53:00 [Thread-0] DEBUG i.n.buffer.PooledByteBufAllocator - -Dio.netty.allocator.chunkSize: 4194304
2024-10-18 09:53:00 [Thread-0] DEBUG i.n.buffer.PooledByteBufAllocator - -Dio.netty.allocator.smallCacheSize: 256
2024-10-18 09:53:00 [Thread-0] DEBUG i.n.buffer.PooledByteBufAllocator - -Dio.netty.allocator.normalCacheSize: 64
2024-10-18 09:53:00 [Thread-0] DEBUG i.n.buffer.PooledByteBufAllocator - -Dio.netty.allocator.maxCachedBufferCapacity: 32768
2024-10-18 09:53:00 [Thread-0] DEBUG i.n.buffer.PooledByteBufAllocator - -Dio.netty.allocator.cacheTrimInterval: 8192
2024-10-18 09:53:00 [Thread-0] DEBUG i.n.buffer.PooledByteBufAllocator - -Dio.netty.allocator.cacheTrimIntervalMillis: 0
2024-10-18 09:53:00 [Thread-0] DEBUG i.n.buffer.PooledByteBufAllocator - -Dio.netty.allocator.useCacheForAllThreads: false
2024-10-18 09:53:00 [Thread-0] DEBUG i.n.buffer.PooledByteBufAllocator - -Dio.netty.allocator.maxCachedByteBuffersPerChunk: 1023
2024-10-18 09:53:00 [Thread-0] DEBUG i.n.buffer.PooledByteBufAllocator - -Dio.netty.allocator.disableCacheFinalizersForFastThreadLocalThreads: false
2024-10-18 09:53:00 [Thread-0] DEBUG io.netty.buffer.ByteBufUtil - -Dio.netty.allocator.type: pooled
2024-10-18 09:53:00 [Thread-0] DEBUG io.netty.buffer.ByteBufUtil - -Dio.netty.threadLocalDirectBufferSize: 0
2024-10-18 09:53:00 [Thread-0] DEBUG io.netty.buffer.ByteBufUtil - -Dio.netty.maxThreadLocalCharBufferSize: 16384
2024-10-18 09:53:00 [Thread-0] DEBUG i.n.b.ChannelInitializerExtensions - -Dio.netty.bootstrap.extensions: null
2024-10-18 09:56:52 [AWT-EventQueue-0] DEBUG i.n.u.i.l.InternalLoggerFactory - Using SLF4J as the default logging framework
2024-10-18 09:56:52 [AWT-EventQueue-0] DEBUG i.n.c.MultithreadEventLoopGroup - -Dio.netty.eventLoopThreads: 8
2024-10-18 09:56:52 [AWT-EventQueue-0] DEBUG i.n.u.concurrent.GlobalEventExecutor - -Dio.netty.globalEventExecutor.quietPeriodSeconds: 1
2024-10-18 09:56:52 [AWT-EventQueue-0] DEBUG i.n.u.i.InternalThreadLocalMap - -Dio.netty.threadLocalMap.stringBuilder.initialSize: 1024
2024-10-18 09:56:52 [AWT-EventQueue-0] DEBUG i.n.u.i.InternalThreadLocalMap - -Dio.netty.threadLocalMap.stringBuilder.maxSize: 4096
2024-10-18 09:56:52 [AWT-EventQueue-0] DEBUG i.n.util.internal.PlatformDependent0 - -Dio.netty.noUnsafe: false
2024-10-18 09:56:52 [AWT-EventQueue-0] DEBUG i.n.util.internal.PlatformDependent0 - Java version: 21
2024-10-18 09:56:52 [AWT-EventQueue-0] DEBUG i.n.util.internal.PlatformDependent0 - sun.misc.Unsafe.theUnsafe: available
2024-10-18 09:56:52 [AWT-EventQueue-0] DEBUG i.n.util.internal.PlatformDependent0 - sun.misc.Unsafe base methods: all available
2024-10-18 09:56:52 [AWT-EventQueue-0] DEBUG i.n.util.internal.PlatformDependent0 - sun.misc.Unsafe.storeFence: available
2024-10-18 09:56:52 [AWT-EventQueue-0] DEBUG i.n.util.internal.PlatformDependent0 - java.nio.Buffer.address: available
2024-10-18 09:56:52 [AWT-EventQueue-0] DEBUG i.n.util.internal.PlatformDependent0 - direct buffer constructor: unavailable: Reflective setAccessible(true) disabled
2024-10-18 09:56:52 [AWT-EventQueue-0] DEBUG i.n.util.internal.PlatformDependent0 - java.nio.Bits.unaligned: available, true
2024-10-18 09:56:52 [AWT-EventQueue-0] DEBUG i.n.util.internal.PlatformDependent0 - jdk.internal.misc.Unsafe.allocateUninitializedArray(int): unavailable: class io.netty.util.internal.PlatformDependent0$7 cannot access class jdk.internal.misc.Unsafe (in module java.base) because module java.base does not export jdk.internal.misc to unnamed module @4ec6a292
2024-10-18 09:56:52 [AWT-EventQueue-0] DEBUG i.n.util.internal.PlatformDependent0 - java.nio.DirectByteBuffer.<init>(long, {int,long}): unavailable
2024-10-18 09:56:52 [AWT-EventQueue-0] DEBUG i.n.util.internal.PlatformDependent - sun.misc.Unsafe: available
2024-10-18 09:56:52 [AWT-EventQueue-0] DEBUG i.n.util.internal.PlatformDependent - -Dio.netty.tmpdir: C:\Users\user\AppData\Local\Temp (java.io.tmpdir)
2024-10-18 09:56:52 [AWT-EventQueue-0] DEBUG i.n.util.internal.PlatformDependent - -Dio.netty.bitMode: 64 (sun.arch.data.model)
2024-10-18 09:56:52 [AWT-EventQueue-0] DEBUG i.n.util.internal.PlatformDependent - Platform: Windows
2024-10-18 09:56:52 [AWT-EventQueue-0] DEBUG i.n.util.internal.PlatformDependent - -Dio.netty.maxDirectMemory: -1 bytes
2024-10-18 09:56:52 [AWT-EventQueue-0] DEBUG i.n.util.internal.PlatformDependent - -Dio.netty.uninitializedArrayAllocationThreshold: -1
2024-10-18 09:56:52 [AWT-EventQueue-0] DEBUG io.netty.util.internal.CleanerJava9 - java.nio.ByteBuffer.cleaner(): available
2024-10-18 09:56:52 [AWT-EventQueue-0] DEBUG i.n.util.internal.PlatformDependent - -Dio.netty.noPreferDirect: false
2024-10-18 09:56:52 [AWT-EventQueue-0] DEBUG io.netty.channel.nio.NioEventLoop - -Dio.netty.noKeySetOptimization: false
2024-10-18 09:56:52 [AWT-EventQueue-0] DEBUG io.netty.channel.nio.NioEventLoop - -Dio.netty.selectorAutoRebuildThreshold: 512
2024-10-18 09:56:52 [AWT-EventQueue-0] DEBUG i.n.util.internal.PlatformDependent - org.jctools-core.MpscChunkedArrayQueue: available
2024-10-18 09:56:52 [AWT-EventQueue-0] DEBUG io.netty.handler.ssl.OpenSsl - netty-tcnative not in the classpath; OpenSslEngine will be unavailable.
2024-10-18 09:56:53 [AWT-EventQueue-0] DEBUG io.netty.handler.ssl.JdkSslContext - Default protocols (JDK): [TLSv1.3, TLSv1.2] 
2024-10-18 09:56:53 [AWT-EventQueue-0] DEBUG io.netty.handler.ssl.JdkSslContext - Default cipher suites (JDK): [TLS_ECDHE_ECDSA_WITH_AES_256_GCM_SHA384, TLS_ECDHE_ECDSA_WITH_AES_128_GCM_SHA256, TLS_ECDHE_RSA_WITH_AES_128_GCM_SHA256, TLS_ECDHE_RSA_WITH_AES_256_GCM_SHA384, TLS_ECDHE_RSA_WITH_AES_128_CBC_SHA, TLS_ECDHE_RSA_WITH_AES_256_CBC_SHA, TLS_RSA_WITH_AES_128_GCM_SHA256, TLS_RSA_WITH_AES_128_CBC_SHA, TLS_RSA_WITH_AES_256_CBC_SHA, TLS_AES_128_GCM_SHA256, TLS_AES_256_GCM_SHA384]
2024-10-18 09:56:53 [Thread-0] DEBUG io.netty.channel.DefaultChannelId - -Dio.netty.processId: 25884 (auto-detected)
2024-10-18 09:56:53 [Thread-0] DEBUG io.netty.util.NetUtil - -Djava.net.preferIPv4Stack: false
2024-10-18 09:56:53 [Thread-0] DEBUG io.netty.util.NetUtil - -Djava.net.preferIPv6Addresses: false
2024-10-18 09:56:53 [Thread-0] DEBUG i.netty.util.NetUtilInitializations - Loopback interface: loopback_0 (Software Loopback Interface 1, 0:0:0:0:0:0:0:1)
2024-10-18 09:56:53 [Thread-0] DEBUG io.netty.util.NetUtil - Failed to get SOMAXCONN from sysctl and file \proc\sys\net\core\somaxconn. Default: 200
2024-10-18 09:56:53 [Thread-0] DEBUG io.netty.channel.DefaultChannelId - -Dio.netty.machineId: 10:e7:c6:ff:fe:e4:af:05 (auto-detected)
2024-10-18 09:56:53 [Thread-0] DEBUG io.netty.util.ResourceLeakDetector - -Dio.netty.leakDetection.level: simple
2024-10-18 09:56:53 [Thread-0] DEBUG io.netty.util.ResourceLeakDetector - -Dio.netty.leakDetection.targetRecords: 4
2024-10-18 09:56:53 [Thread-0] DEBUG i.n.buffer.PooledByteBufAllocator - -Dio.netty.allocator.numHeapArenas: 8
2024-10-18 09:56:53 [Thread-0] DEBUG i.n.buffer.PooledByteBufAllocator - -Dio.netty.allocator.numDirectArenas: 8
2024-10-18 09:56:53 [Thread-0] DEBUG i.n.buffer.PooledByteBufAllocator - -Dio.netty.allocator.pageSize: 8192
2024-10-18 09:56:53 [Thread-0] DEBUG i.n.buffer.PooledByteBufAllocator - -Dio.netty.allocator.maxOrder: 9
2024-10-18 09:56:53 [Thread-0] DEBUG i.n.buffer.PooledByteBufAllocator - -Dio.netty.allocator.chunkSize: 4194304
2024-10-18 09:56:53 [Thread-0] DEBUG i.n.buffer.PooledByteBufAllocator - -Dio.netty.allocator.smallCacheSize: 256
2024-10-18 09:56:53 [Thread-0] DEBUG i.n.buffer.PooledByteBufAllocator - -Dio.netty.allocator.normalCacheSize: 64
2024-10-18 09:56:53 [Thread-0] DEBUG i.n.buffer.PooledByteBufAllocator - -Dio.netty.allocator.maxCachedBufferCapacity: 32768
2024-10-18 09:56:53 [Thread-0] DEBUG i.n.buffer.PooledByteBufAllocator - -Dio.netty.allocator.cacheTrimInterval: 8192
2024-10-18 09:56:53 [Thread-0] DEBUG i.n.buffer.PooledByteBufAllocator - -Dio.netty.allocator.cacheTrimIntervalMillis: 0
2024-10-18 09:56:53 [Thread-0] DEBUG i.n.buffer.PooledByteBufAllocator - -Dio.netty.allocator.useCacheForAllThreads: false
2024-10-18 09:56:53 [Thread-0] DEBUG i.n.buffer.PooledByteBufAllocator - -Dio.netty.allocator.maxCachedByteBuffersPerChunk: 1023
2024-10-18 09:56:53 [Thread-0] DEBUG i.n.buffer.PooledByteBufAllocator - -Dio.netty.allocator.disableCacheFinalizersForFastThreadLocalThreads: false
2024-10-18 09:56:53 [Thread-0] DEBUG io.netty.buffer.ByteBufUtil - -Dio.netty.allocator.type: pooled
2024-10-18 09:56:53 [Thread-0] DEBUG io.netty.buffer.ByteBufUtil - -Dio.netty.threadLocalDirectBufferSize: 0
2024-10-18 09:56:53 [Thread-0] DEBUG io.netty.buffer.ByteBufUtil - -Dio.netty.maxThreadLocalCharBufferSize: 16384
2024-10-18 09:56:53 [Thread-0] DEBUG i.n.b.ChannelInitializerExtensions - -Dio.netty.bootstrap.extensions: null
2024-10-18 09:58:17 [AWT-EventQueue-0] DEBUG i.n.u.i.l.InternalLoggerFactory - Using SLF4J as the default logging framework
2024-10-18 09:58:17 [AWT-EventQueue-0] DEBUG i.n.c.MultithreadEventLoopGroup - -Dio.netty.eventLoopThreads: 8
2024-10-18 09:58:18 [AWT-EventQueue-0] DEBUG i.n.u.concurrent.GlobalEventExecutor - -Dio.netty.globalEventExecutor.quietPeriodSeconds: 1
2024-10-18 09:58:18 [AWT-EventQueue-0] DEBUG i.n.u.i.InternalThreadLocalMap - -Dio.netty.threadLocalMap.stringBuilder.initialSize: 1024
2024-10-18 09:58:18 [AWT-EventQueue-0] DEBUG i.n.u.i.InternalThreadLocalMap - -Dio.netty.threadLocalMap.stringBuilder.maxSize: 4096
2024-10-18 09:58:18 [AWT-EventQueue-0] DEBUG i.n.util.internal.PlatformDependent0 - -Dio.netty.noUnsafe: false
2024-10-18 09:58:18 [AWT-EventQueue-0] DEBUG i.n.util.internal.PlatformDependent0 - Java version: 21
2024-10-18 09:58:18 [AWT-EventQueue-0] DEBUG i.n.util.internal.PlatformDependent0 - sun.misc.Unsafe.theUnsafe: available
2024-10-18 09:58:18 [AWT-EventQueue-0] DEBUG i.n.util.internal.PlatformDependent0 - sun.misc.Unsafe base methods: all available
2024-10-18 09:58:18 [AWT-EventQueue-0] DEBUG i.n.util.internal.PlatformDependent0 - sun.misc.Unsafe.storeFence: available
2024-10-18 09:58:18 [AWT-EventQueue-0] DEBUG i.n.util.internal.PlatformDependent0 - java.nio.Buffer.address: available
2024-10-18 09:58:18 [AWT-EventQueue-0] DEBUG i.n.util.internal.PlatformDependent0 - direct buffer constructor: unavailable: Reflective setAccessible(true) disabled
2024-10-18 09:58:18 [AWT-EventQueue-0] DEBUG i.n.util.internal.PlatformDependent0 - java.nio.Bits.unaligned: available, true
2024-10-18 09:58:18 [AWT-EventQueue-0] DEBUG i.n.util.internal.PlatformDependent0 - jdk.internal.misc.Unsafe.allocateUninitializedArray(int): unavailable: class io.netty.util.internal.PlatformDependent0$7 cannot access class jdk.internal.misc.Unsafe (in module java.base) because module java.base does not export jdk.internal.misc to unnamed module @4ec6a292
2024-10-18 09:58:18 [AWT-EventQueue-0] DEBUG i.n.util.internal.PlatformDependent0 - java.nio.DirectByteBuffer.<init>(long, {int,long}): unavailable
2024-10-18 09:58:18 [AWT-EventQueue-0] DEBUG i.n.util.internal.PlatformDependent - sun.misc.Unsafe: available
2024-10-18 09:58:18 [AWT-EventQueue-0] DEBUG i.n.util.internal.PlatformDependent - -Dio.netty.tmpdir: C:\Users\user\AppData\Local\Temp (java.io.tmpdir)
2024-10-18 09:58:18 [AWT-EventQueue-0] DEBUG i.n.util.internal.PlatformDependent - -Dio.netty.bitMode: 64 (sun.arch.data.model)
2024-10-18 09:58:18 [AWT-EventQueue-0] DEBUG i.n.util.internal.PlatformDependent - Platform: Windows
2024-10-18 09:58:18 [AWT-EventQueue-0] DEBUG i.n.util.internal.PlatformDependent - -Dio.netty.maxDirectMemory: -1 bytes
2024-10-18 09:58:18 [AWT-EventQueue-0] DEBUG i.n.util.internal.PlatformDependent - -Dio.netty.uninitializedArrayAllocationThreshold: -1
2024-10-18 09:58:18 [AWT-EventQueue-0] DEBUG io.netty.util.internal.CleanerJava9 - java.nio.ByteBuffer.cleaner(): available
2024-10-18 09:58:18 [AWT-EventQueue-0] DEBUG i.n.util.internal.PlatformDependent - -Dio.netty.noPreferDirect: false
2024-10-18 09:58:18 [AWT-EventQueue-0] DEBUG io.netty.channel.nio.NioEventLoop - -Dio.netty.noKeySetOptimization: false
2024-10-18 09:58:18 [AWT-EventQueue-0] DEBUG io.netty.channel.nio.NioEventLoop - -Dio.netty.selectorAutoRebuildThreshold: 512
2024-10-18 09:58:18 [AWT-EventQueue-0] DEBUG i.n.util.internal.PlatformDependent - org.jctools-core.MpscChunkedArrayQueue: available
2024-10-18 09:58:18 [AWT-EventQueue-0] DEBUG io.netty.handler.ssl.OpenSsl - netty-tcnative not in the classpath; OpenSslEngine will be unavailable.
2024-10-18 09:58:18 [AWT-EventQueue-0] DEBUG io.netty.handler.ssl.JdkSslContext - Default protocols (JDK): [TLSv1.3, TLSv1.2] 
2024-10-18 09:58:18 [AWT-EventQueue-0] DEBUG io.netty.handler.ssl.JdkSslContext - Default cipher suites (JDK): [TLS_ECDHE_ECDSA_WITH_AES_256_GCM_SHA384, TLS_ECDHE_ECDSA_WITH_AES_128_GCM_SHA256, TLS_ECDHE_RSA_WITH_AES_128_GCM_SHA256, TLS_ECDHE_RSA_WITH_AES_256_GCM_SHA384, TLS_ECDHE_RSA_WITH_AES_128_CBC_SHA, TLS_ECDHE_RSA_WITH_AES_256_CBC_SHA, TLS_RSA_WITH_AES_128_GCM_SHA256, TLS_RSA_WITH_AES_128_CBC_SHA, TLS_RSA_WITH_AES_256_CBC_SHA, TLS_AES_128_GCM_SHA256, TLS_AES_256_GCM_SHA384]
2024-10-18 09:58:19 [Thread-0] DEBUG io.netty.channel.DefaultChannelId - -Dio.netty.processId: 15764 (auto-detected)
2024-10-18 09:58:19 [Thread-0] DEBUG io.netty.util.NetUtil - -Djava.net.preferIPv4Stack: false
2024-10-18 09:58:19 [Thread-0] DEBUG io.netty.util.NetUtil - -Djava.net.preferIPv6Addresses: false
2024-10-18 09:58:19 [Thread-0] DEBUG i.netty.util.NetUtilInitializations - Loopback interface: loopback_0 (Software Loopback Interface 1, 0:0:0:0:0:0:0:1)
2024-10-18 09:58:19 [Thread-0] DEBUG io.netty.util.NetUtil - Failed to get SOMAXCONN from sysctl and file \proc\sys\net\core\somaxconn. Default: 200
2024-10-18 09:58:19 [Thread-0] DEBUG io.netty.channel.DefaultChannelId - -Dio.netty.machineId: 10:e7:c6:ff:fe:e4:af:05 (auto-detected)
2024-10-18 09:58:19 [Thread-0] DEBUG io.netty.util.ResourceLeakDetector - -Dio.netty.leakDetection.level: simple
2024-10-18 09:58:19 [Thread-0] DEBUG io.netty.util.ResourceLeakDetector - -Dio.netty.leakDetection.targetRecords: 4
2024-10-18 09:58:19 [Thread-0] DEBUG i.n.buffer.PooledByteBufAllocator - -Dio.netty.allocator.numHeapArenas: 8
2024-10-18 09:58:19 [Thread-0] DEBUG i.n.buffer.PooledByteBufAllocator - -Dio.netty.allocator.numDirectArenas: 8
2024-10-18 09:58:19 [Thread-0] DEBUG i.n.buffer.PooledByteBufAllocator - -Dio.netty.allocator.pageSize: 8192
2024-10-18 09:58:19 [Thread-0] DEBUG i.n.buffer.PooledByteBufAllocator - -Dio.netty.allocator.maxOrder: 9
2024-10-18 09:58:19 [Thread-0] DEBUG i.n.buffer.PooledByteBufAllocator - -Dio.netty.allocator.chunkSize: 4194304
2024-10-18 09:58:19 [Thread-0] DEBUG i.n.buffer.PooledByteBufAllocator - -Dio.netty.allocator.smallCacheSize: 256
2024-10-18 09:58:19 [Thread-0] DEBUG i.n.buffer.PooledByteBufAllocator - -Dio.netty.allocator.normalCacheSize: 64
2024-10-18 09:58:19 [Thread-0] DEBUG i.n.buffer.PooledByteBufAllocator - -Dio.netty.allocator.maxCachedBufferCapacity: 32768
2024-10-18 09:58:19 [Thread-0] DEBUG i.n.buffer.PooledByteBufAllocator - -Dio.netty.allocator.cacheTrimInterval: 8192
2024-10-18 09:58:19 [Thread-0] DEBUG i.n.buffer.PooledByteBufAllocator - -Dio.netty.allocator.cacheTrimIntervalMillis: 0
2024-10-18 09:58:19 [Thread-0] DEBUG i.n.buffer.PooledByteBufAllocator - -Dio.netty.allocator.useCacheForAllThreads: false
2024-10-18 09:58:19 [Thread-0] DEBUG i.n.buffer.PooledByteBufAllocator - -Dio.netty.allocator.maxCachedByteBuffersPerChunk: 1023
2024-10-18 09:58:19 [Thread-0] DEBUG i.n.buffer.PooledByteBufAllocator - -Dio.netty.allocator.disableCacheFinalizersForFastThreadLocalThreads: false
2024-10-18 09:58:19 [Thread-0] DEBUG io.netty.buffer.ByteBufUtil - -Dio.netty.allocator.type: pooled
2024-10-18 09:58:19 [Thread-0] DEBUG io.netty.buffer.ByteBufUtil - -Dio.netty.threadLocalDirectBufferSize: 0
2024-10-18 09:58:19 [Thread-0] DEBUG io.netty.buffer.ByteBufUtil - -Dio.netty.maxThreadLocalCharBufferSize: 16384
2024-10-18 09:58:19 [Thread-0] DEBUG i.n.b.ChannelInitializerExtensions - -Dio.netty.bootstrap.extensions: null
2024-10-18 10:00:41 [AWT-EventQueue-0] DEBUG i.n.u.i.l.InternalLoggerFactory - Using SLF4J as the default logging framework
2024-10-18 10:00:41 [AWT-EventQueue-0] DEBUG i.n.c.MultithreadEventLoopGroup - -Dio.netty.eventLoopThreads: 8
2024-10-18 10:00:41 [AWT-EventQueue-0] DEBUG i.n.u.concurrent.GlobalEventExecutor - -Dio.netty.globalEventExecutor.quietPeriodSeconds: 1
2024-10-18 10:00:41 [AWT-EventQueue-0] DEBUG i.n.u.i.InternalThreadLocalMap - -Dio.netty.threadLocalMap.stringBuilder.initialSize: 1024
2024-10-18 10:00:41 [AWT-EventQueue-0] DEBUG i.n.u.i.InternalThreadLocalMap - -Dio.netty.threadLocalMap.stringBuilder.maxSize: 4096
2024-10-18 10:00:41 [AWT-EventQueue-0] DEBUG i.n.util.internal.PlatformDependent0 - -Dio.netty.noUnsafe: false
2024-10-18 10:00:41 [AWT-EventQueue-0] DEBUG i.n.util.internal.PlatformDependent0 - Java version: 21
2024-10-18 10:00:41 [AWT-EventQueue-0] DEBUG i.n.util.internal.PlatformDependent0 - sun.misc.Unsafe.theUnsafe: available
2024-10-18 10:00:41 [AWT-EventQueue-0] DEBUG i.n.util.internal.PlatformDependent0 - sun.misc.Unsafe base methods: all available
2024-10-18 10:00:41 [AWT-EventQueue-0] DEBUG i.n.util.internal.PlatformDependent0 - sun.misc.Unsafe.storeFence: available
2024-10-18 10:00:41 [AWT-EventQueue-0] DEBUG i.n.util.internal.PlatformDependent0 - java.nio.Buffer.address: available
2024-10-18 10:00:41 [AWT-EventQueue-0] DEBUG i.n.util.internal.PlatformDependent0 - direct buffer constructor: unavailable: Reflective setAccessible(true) disabled
2024-10-18 10:00:41 [AWT-EventQueue-0] DEBUG i.n.util.internal.PlatformDependent0 - java.nio.Bits.unaligned: available, true
2024-10-18 10:00:41 [AWT-EventQueue-0] DEBUG i.n.util.internal.PlatformDependent0 - jdk.internal.misc.Unsafe.allocateUninitializedArray(int): unavailable: class io.netty.util.internal.PlatformDependent0$7 cannot access class jdk.internal.misc.Unsafe (in module java.base) because module java.base does not export jdk.internal.misc to unnamed module @4ec6a292
2024-10-18 10:00:41 [AWT-EventQueue-0] DEBUG i.n.util.internal.PlatformDependent0 - java.nio.DirectByteBuffer.<init>(long, {int,long}): unavailable
2024-10-18 10:00:41 [AWT-EventQueue-0] DEBUG i.n.util.internal.PlatformDependent - sun.misc.Unsafe: available
2024-10-18 10:00:41 [AWT-EventQueue-0] DEBUG i.n.util.internal.PlatformDependent - -Dio.netty.tmpdir: C:\Users\user\AppData\Local\Temp (java.io.tmpdir)
2024-10-18 10:00:41 [AWT-EventQueue-0] DEBUG i.n.util.internal.PlatformDependent - -Dio.netty.bitMode: 64 (sun.arch.data.model)
2024-10-18 10:00:41 [AWT-EventQueue-0] DEBUG i.n.util.internal.PlatformDependent - Platform: Windows
2024-10-18 10:00:41 [AWT-EventQueue-0] DEBUG i.n.util.internal.PlatformDependent - -Dio.netty.maxDirectMemory: -1 bytes
2024-10-18 10:00:41 [AWT-EventQueue-0] DEBUG i.n.util.internal.PlatformDependent - -Dio.netty.uninitializedArrayAllocationThreshold: -1
2024-10-18 10:00:41 [AWT-EventQueue-0] DEBUG io.netty.util.internal.CleanerJava9 - java.nio.ByteBuffer.cleaner(): available
2024-10-18 10:00:41 [AWT-EventQueue-0] DEBUG i.n.util.internal.PlatformDependent - -Dio.netty.noPreferDirect: false
2024-10-18 10:00:41 [AWT-EventQueue-0] DEBUG io.netty.channel.nio.NioEventLoop - -Dio.netty.noKeySetOptimization: false
2024-10-18 10:00:41 [AWT-EventQueue-0] DEBUG io.netty.channel.nio.NioEventLoop - -Dio.netty.selectorAutoRebuildThreshold: 512
2024-10-18 10:00:41 [AWT-EventQueue-0] DEBUG i.n.util.internal.PlatformDependent - org.jctools-core.MpscChunkedArrayQueue: available
2024-10-18 10:00:42 [AWT-EventQueue-0] DEBUG io.netty.handler.ssl.OpenSsl - netty-tcnative not in the classpath; OpenSslEngine will be unavailable.
2024-10-18 10:00:42 [AWT-EventQueue-0] DEBUG io.netty.handler.ssl.JdkSslContext - Default protocols (JDK): [TLSv1.3, TLSv1.2] 
2024-10-18 10:00:42 [AWT-EventQueue-0] DEBUG io.netty.handler.ssl.JdkSslContext - Default cipher suites (JDK): [TLS_ECDHE_ECDSA_WITH_AES_256_GCM_SHA384, TLS_ECDHE_ECDSA_WITH_AES_128_GCM_SHA256, TLS_ECDHE_RSA_WITH_AES_128_GCM_SHA256, TLS_ECDHE_RSA_WITH_AES_256_GCM_SHA384, TLS_ECDHE_RSA_WITH_AES_128_CBC_SHA, TLS_ECDHE_RSA_WITH_AES_256_CBC_SHA, TLS_RSA_WITH_AES_128_GCM_SHA256, TLS_RSA_WITH_AES_128_CBC_SHA, TLS_RSA_WITH_AES_256_CBC_SHA, TLS_AES_128_GCM_SHA256, TLS_AES_256_GCM_SHA384]
2024-10-18 10:00:42 [Thread-0] DEBUG io.netty.channel.DefaultChannelId - -Dio.netty.processId: 260 (auto-detected)
2024-10-18 10:00:42 [Thread-0] DEBUG io.netty.util.NetUtil - -Djava.net.preferIPv4Stack: false
2024-10-18 10:00:42 [Thread-0] DEBUG io.netty.util.NetUtil - -Djava.net.preferIPv6Addresses: false
2024-10-18 10:00:42 [Thread-0] DEBUG i.netty.util.NetUtilInitializations - Loopback interface: loopback_0 (Software Loopback Interface 1, 0:0:0:0:0:0:0:1)
2024-10-18 10:00:42 [Thread-0] DEBUG io.netty.util.NetUtil - Failed to get SOMAXCONN from sysctl and file \proc\sys\net\core\somaxconn. Default: 200
2024-10-18 10:00:42 [Thread-0] DEBUG io.netty.channel.DefaultChannelId - -Dio.netty.machineId: 10:e7:c6:ff:fe:e4:af:05 (auto-detected)
2024-10-18 10:00:42 [Thread-0] DEBUG io.netty.util.ResourceLeakDetector - -Dio.netty.leakDetection.level: simple
2024-10-18 10:00:42 [Thread-0] DEBUG io.netty.util.ResourceLeakDetector - -Dio.netty.leakDetection.targetRecords: 4
2024-10-18 10:00:42 [Thread-0] DEBUG i.n.buffer.PooledByteBufAllocator - -Dio.netty.allocator.numHeapArenas: 8
2024-10-18 10:00:42 [Thread-0] DEBUG i.n.buffer.PooledByteBufAllocator - -Dio.netty.allocator.numDirectArenas: 8
2024-10-18 10:00:42 [Thread-0] DEBUG i.n.buffer.PooledByteBufAllocator - -Dio.netty.allocator.pageSize: 8192
2024-10-18 10:00:42 [Thread-0] DEBUG i.n.buffer.PooledByteBufAllocator - -Dio.netty.allocator.maxOrder: 9
2024-10-18 10:00:42 [Thread-0] DEBUG i.n.buffer.PooledByteBufAllocator - -Dio.netty.allocator.chunkSize: 4194304
2024-10-18 10:00:42 [Thread-0] DEBUG i.n.buffer.PooledByteBufAllocator - -Dio.netty.allocator.smallCacheSize: 256
2024-10-18 10:00:42 [Thread-0] DEBUG i.n.buffer.PooledByteBufAllocator - -Dio.netty.allocator.normalCacheSize: 64
2024-10-18 10:00:42 [Thread-0] DEBUG i.n.buffer.PooledByteBufAllocator - -Dio.netty.allocator.maxCachedBufferCapacity: 32768
2024-10-18 10:00:42 [Thread-0] DEBUG i.n.buffer.PooledByteBufAllocator - -Dio.netty.allocator.cacheTrimInterval: 8192
2024-10-18 10:00:42 [Thread-0] DEBUG i.n.buffer.PooledByteBufAllocator - -Dio.netty.allocator.cacheTrimIntervalMillis: 0
2024-10-18 10:00:42 [Thread-0] DEBUG i.n.buffer.PooledByteBufAllocator - -Dio.netty.allocator.useCacheForAllThreads: false
2024-10-18 10:00:42 [Thread-0] DEBUG i.n.buffer.PooledByteBufAllocator - -Dio.netty.allocator.maxCachedByteBuffersPerChunk: 1023
2024-10-18 10:00:42 [Thread-0] DEBUG i.n.buffer.PooledByteBufAllocator - -Dio.netty.allocator.disableCacheFinalizersForFastThreadLocalThreads: false
2024-10-18 10:00:42 [Thread-0] DEBUG io.netty.buffer.ByteBufUtil - -Dio.netty.allocator.type: pooled
2024-10-18 10:00:42 [Thread-0] DEBUG io.netty.buffer.ByteBufUtil - -Dio.netty.threadLocalDirectBufferSize: 0
2024-10-18 10:00:42 [Thread-0] DEBUG io.netty.buffer.ByteBufUtil - -Dio.netty.maxThreadLocalCharBufferSize: 16384
2024-10-18 10:00:42 [Thread-0] DEBUG i.n.b.ChannelInitializerExtensions - -Dio.netty.bootstrap.extensions: null
2024-10-18 10:39:52 [AWT-EventQueue-0] DEBUG i.n.u.i.l.InternalLoggerFactory - Using SLF4J as the default logging framework
2024-10-18 10:39:52 [AWT-EventQueue-0] DEBUG i.n.c.MultithreadEventLoopGroup - -Dio.netty.eventLoopThreads: 8
2024-10-18 10:39:52 [AWT-EventQueue-0] DEBUG i.n.u.concurrent.GlobalEventExecutor - -Dio.netty.globalEventExecutor.quietPeriodSeconds: 1
2024-10-18 10:39:52 [AWT-EventQueue-0] DEBUG i.n.u.i.InternalThreadLocalMap - -Dio.netty.threadLocalMap.stringBuilder.initialSize: 1024
2024-10-18 10:39:52 [AWT-EventQueue-0] DEBUG i.n.u.i.InternalThreadLocalMap - -Dio.netty.threadLocalMap.stringBuilder.maxSize: 4096
2024-10-18 10:39:52 [AWT-EventQueue-0] DEBUG i.n.util.internal.PlatformDependent0 - -Dio.netty.noUnsafe: false
2024-10-18 10:39:52 [AWT-EventQueue-0] DEBUG i.n.util.internal.PlatformDependent0 - Java version: 21
2024-10-18 10:39:52 [AWT-EventQueue-0] DEBUG i.n.util.internal.PlatformDependent0 - sun.misc.Unsafe.theUnsafe: available
2024-10-18 10:39:52 [AWT-EventQueue-0] DEBUG i.n.util.internal.PlatformDependent0 - sun.misc.Unsafe base methods: all available
2024-10-18 10:39:52 [AWT-EventQueue-0] DEBUG i.n.util.internal.PlatformDependent0 - sun.misc.Unsafe.storeFence: available
2024-10-18 10:39:52 [AWT-EventQueue-0] DEBUG i.n.util.internal.PlatformDependent0 - java.nio.Buffer.address: available
2024-10-18 10:39:52 [AWT-EventQueue-0] DEBUG i.n.util.internal.PlatformDependent0 - direct buffer constructor: unavailable: Reflective setAccessible(true) disabled
2024-10-18 10:39:52 [AWT-EventQueue-0] DEBUG i.n.util.internal.PlatformDependent0 - java.nio.Bits.unaligned: available, true
2024-10-18 10:39:52 [AWT-EventQueue-0] DEBUG i.n.util.internal.PlatformDependent0 - jdk.internal.misc.Unsafe.allocateUninitializedArray(int): unavailable: class io.netty.util.internal.PlatformDependent0$7 cannot access class jdk.internal.misc.Unsafe (in module java.base) because module java.base does not export jdk.internal.misc to unnamed module @4ec6a292
2024-10-18 10:39:52 [AWT-EventQueue-0] DEBUG i.n.util.internal.PlatformDependent0 - java.nio.DirectByteBuffer.<init>(long, {int,long}): unavailable
2024-10-18 10:39:52 [AWT-EventQueue-0] DEBUG i.n.util.internal.PlatformDependent - sun.misc.Unsafe: available
2024-10-18 10:39:52 [AWT-EventQueue-0] DEBUG i.n.util.internal.PlatformDependent - -Dio.netty.tmpdir: C:\Users\user\AppData\Local\Temp (java.io.tmpdir)
2024-10-18 10:39:52 [AWT-EventQueue-0] DEBUG i.n.util.internal.PlatformDependent - -Dio.netty.bitMode: 64 (sun.arch.data.model)
2024-10-18 10:39:52 [AWT-EventQueue-0] DEBUG i.n.util.internal.PlatformDependent - Platform: Windows
2024-10-18 10:39:52 [AWT-EventQueue-0] DEBUG i.n.util.internal.PlatformDependent - -Dio.netty.maxDirectMemory: -1 bytes
2024-10-18 10:39:52 [AWT-EventQueue-0] DEBUG i.n.util.internal.PlatformDependent - -Dio.netty.uninitializedArrayAllocationThreshold: -1
2024-10-18 10:39:52 [AWT-EventQueue-0] DEBUG io.netty.util.internal.CleanerJava9 - java.nio.ByteBuffer.cleaner(): available
2024-10-18 10:39:52 [AWT-EventQueue-0] DEBUG i.n.util.internal.PlatformDependent - -Dio.netty.noPreferDirect: false
2024-10-18 10:39:52 [AWT-EventQueue-0] DEBUG io.netty.channel.nio.NioEventLoop - -Dio.netty.noKeySetOptimization: false
2024-10-18 10:39:52 [AWT-EventQueue-0] DEBUG io.netty.channel.nio.NioEventLoop - -Dio.netty.selectorAutoRebuildThreshold: 512
2024-10-18 10:39:52 [AWT-EventQueue-0] DEBUG i.n.util.internal.PlatformDependent - org.jctools-core.MpscChunkedArrayQueue: available
2024-10-18 10:39:52 [AWT-EventQueue-0] DEBUG io.netty.handler.ssl.OpenSsl - netty-tcnative not in the classpath; OpenSslEngine will be unavailable.
2024-10-18 10:39:53 [AWT-EventQueue-0] DEBUG io.netty.handler.ssl.JdkSslContext - Default protocols (JDK): [TLSv1.3, TLSv1.2] 
2024-10-18 10:39:53 [AWT-EventQueue-0] DEBUG io.netty.handler.ssl.JdkSslContext - Default cipher suites (JDK): [TLS_ECDHE_ECDSA_WITH_AES_256_GCM_SHA384, TLS_ECDHE_ECDSA_WITH_AES_128_GCM_SHA256, TLS_ECDHE_RSA_WITH_AES_128_GCM_SHA256, TLS_ECDHE_RSA_WITH_AES_256_GCM_SHA384, TLS_ECDHE_RSA_WITH_AES_128_CBC_SHA, TLS_ECDHE_RSA_WITH_AES_256_CBC_SHA, TLS_RSA_WITH_AES_128_GCM_SHA256, TLS_RSA_WITH_AES_128_CBC_SHA, TLS_RSA_WITH_AES_256_CBC_SHA, TLS_AES_128_GCM_SHA256, TLS_AES_256_GCM_SHA384]
2024-10-18 10:39:53 [Thread-0] DEBUG io.netty.channel.DefaultChannelId - -Dio.netty.processId: 12396 (auto-detected)
2024-10-18 10:39:53 [Thread-0] DEBUG io.netty.util.NetUtil - -Djava.net.preferIPv4Stack: false
2024-10-18 10:39:53 [Thread-0] DEBUG io.netty.util.NetUtil - -Djava.net.preferIPv6Addresses: false
2024-10-18 10:39:53 [Thread-0] DEBUG i.netty.util.NetUtilInitializations - Loopback interface: loopback_0 (Software Loopback Interface 1, 0:0:0:0:0:0:0:1)
2024-10-18 10:39:53 [Thread-0] DEBUG io.netty.util.NetUtil - Failed to get SOMAXCONN from sysctl and file \proc\sys\net\core\somaxconn. Default: 200
2024-10-18 10:39:53 [Thread-0] DEBUG io.netty.channel.DefaultChannelId - -Dio.netty.machineId: 10:e7:c6:ff:fe:e4:af:05 (auto-detected)
2024-10-18 10:39:53 [Thread-0] DEBUG io.netty.util.ResourceLeakDetector - -Dio.netty.leakDetection.level: simple
2024-10-18 10:39:53 [Thread-0] DEBUG io.netty.util.ResourceLeakDetector - -Dio.netty.leakDetection.targetRecords: 4
2024-10-18 10:39:53 [Thread-0] DEBUG i.n.buffer.PooledByteBufAllocator - -Dio.netty.allocator.numHeapArenas: 8
2024-10-18 10:39:53 [Thread-0] DEBUG i.n.buffer.PooledByteBufAllocator - -Dio.netty.allocator.numDirectArenas: 8
2024-10-18 10:39:53 [Thread-0] DEBUG i.n.buffer.PooledByteBufAllocator - -Dio.netty.allocator.pageSize: 8192
2024-10-18 10:39:53 [Thread-0] DEBUG i.n.buffer.PooledByteBufAllocator - -Dio.netty.allocator.maxOrder: 9
2024-10-18 10:39:53 [Thread-0] DEBUG i.n.buffer.PooledByteBufAllocator - -Dio.netty.allocator.chunkSize: 4194304
2024-10-18 10:39:53 [Thread-0] DEBUG i.n.buffer.PooledByteBufAllocator - -Dio.netty.allocator.smallCacheSize: 256
2024-10-18 10:39:53 [Thread-0] DEBUG i.n.buffer.PooledByteBufAllocator - -Dio.netty.allocator.normalCacheSize: 64
2024-10-18 10:39:53 [Thread-0] DEBUG i.n.buffer.PooledByteBufAllocator - -Dio.netty.allocator.maxCachedBufferCapacity: 32768
2024-10-18 10:39:53 [Thread-0] DEBUG i.n.buffer.PooledByteBufAllocator - -Dio.netty.allocator.cacheTrimInterval: 8192
2024-10-18 10:39:53 [Thread-0] DEBUG i.n.buffer.PooledByteBufAllocator - -Dio.netty.allocator.cacheTrimIntervalMillis: 0
2024-10-18 10:39:53 [Thread-0] DEBUG i.n.buffer.PooledByteBufAllocator - -Dio.netty.allocator.useCacheForAllThreads: false
2024-10-18 10:39:53 [Thread-0] DEBUG i.n.buffer.PooledByteBufAllocator - -Dio.netty.allocator.maxCachedByteBuffersPerChunk: 1023
2024-10-18 10:39:53 [Thread-0] DEBUG i.n.buffer.PooledByteBufAllocator - -Dio.netty.allocator.disableCacheFinalizersForFastThreadLocalThreads: false
2024-10-18 10:39:53 [Thread-0] DEBUG io.netty.buffer.ByteBufUtil - -Dio.netty.allocator.type: pooled
2024-10-18 10:39:53 [Thread-0] DEBUG io.netty.buffer.ByteBufUtil - -Dio.netty.threadLocalDirectBufferSize: 0
2024-10-18 10:39:53 [Thread-0] DEBUG io.netty.buffer.ByteBufUtil - -Dio.netty.maxThreadLocalCharBufferSize: 16384
2024-10-18 10:39:53 [Thread-0] DEBUG i.n.b.ChannelInitializerExtensions - -Dio.netty.bootstrap.extensions: null
